{"/Users/joel/Workspace/purescript-grunt/output/Test.Main/index.js":{"path":"/Users/joel/Workspace/purescript-grunt/output/Test.Main/index.js","statementMap":{"0":{"start":{"line":3,"column":19},"end":{"line":3,"column":54}},"1":{"start":{"line":4,"column":14},"end":{"line":4,"column":44}},"2":{"start":{"line":5,"column":16},"end":{"line":5,"column":48}},"3":{"start":{"line":6,"column":17},"end":{"line":6,"column":50}},"4":{"start":{"line":7,"column":20},"end":{"line":7,"column":56}},"5":{"start":{"line":8,"column":18},"end":{"line":8,"column":52}},"6":{"start":{"line":9,"column":16},"end":{"line":9,"column":48}},"7":{"start":{"line":10,"column":23},"end":{"line":10,"column":62}},"8":{"start":{"line":11,"column":21},"end":{"line":11,"column":58}},"9":{"start":{"line":12,"column":11},"end":{"line":14,"column":6}},"10":{"start":{"line":13,"column":4},"end":{"line":13,"column":97}},"11":{"start":{"line":15,"column":0},"end":{"line":17,"column":2}}},"fnMap":{"0":{"name":"(anonymous_0)","decl":{"start":{"line":12,"column":230},"end":{"line":12,"column":231}},"loc":{"start":{"line":12,"column":255},"end":{"line":14,"column":1}},"line":12}},"branchMap":{},"s":{"0":1,"1":1,"2":1,"3":1,"4":1,"5":1,"6":1,"7":1,"8":1,"9":1,"10":1,"11":1},"f":{"0":1},"b":{},"inputSourceMap":{"mappings":";;AAAA;AAAA;AAAA;AAAA;AAAA;AAAA;AAAA;AAAA;AAAA;AAWA,kDAGU,4BACC,oCACK,8FAEoC,sBAAtC;0EACa,QAAK","sources":["../../test/Main.purs"],"names":[],"version":3,"file":"index.js"},"_coverageSchema":"1a1c01bbd47fc00a2c39e90264f33305004495a9","hash":"f32f8265b97922c7942abe575ca9741c09644dd5","contentHash":"d26ff946383597f9c883c53d01650a5b12a554847718719f8518d8f6bb55734c"},"/Users/joel/Workspace/purescript-grunt/output/Control.Category/index.js":{"path":"/Users/joel/Workspace/purescript-grunt/output/Control.Category/index.js","statementMap":{"0":{"start":{"line":3,"column":27},"end":{"line":3,"column":70}},"1":{"start":{"line":4,"column":15},"end":{"line":7,"column":1}},"2":{"start":{"line":5,"column":4},"end":{"line":5,"column":39}},"3":{"start":{"line":6,"column":4},"end":{"line":6,"column":29}},"4":{"start":{"line":8,"column":15},"end":{"line":10,"column":1}},"5":{"start":{"line":9,"column":4},"end":{"line":9,"column":25}},"6":{"start":{"line":11,"column":17},"end":{"line":15,"column":2}},"7":{"start":{"line":12,"column":4},"end":{"line":12,"column":47}},"8":{"start":{"line":14,"column":4},"end":{"line":14,"column":13}},"9":{"start":{"line":16,"column":0},"end":{"line":20,"column":2}}},"fnMap":{"0":{"name":"(anonymous_0)","decl":{"start":{"line":4,"column":15},"end":{"line":4,"column":16}},"loc":{"start":{"line":4,"column":50},"end":{"line":7,"column":1}},"line":4},"1":{"name":"(anonymous_1)","decl":{"start":{"line":8,"column":15},"end":{"line":8,"column":16}},"loc":{"start":{"line":8,"column":31},"end":{"line":10,"column":1}},"line":8},"2":{"name":"(anonymous_2)","decl":{"start":{"line":11,"column":30},"end":{"line":11,"column":31}},"loc":{"start":{"line":11,"column":42},"end":{"line":13,"column":1}},"line":11},"3":{"name":"(anonymous_3)","decl":{"start":{"line":13,"column":3},"end":{"line":13,"column":4}},"loc":{"start":{"line":13,"column":16},"end":{"line":15,"column":1}},"line":13}},"branchMap":{},"s":{"0":1,"1":1,"2":1,"3":1,"4":1,"5":7,"6":1,"7":0,"8":0,"9":1},"f":{"0":1,"1":7,"2":0,"3":0},"b":{},"inputSourceMap":{"mappings":";;AAAA;AAeA,eAAA;;;;AACE,eAAA;WAAA;;AAEF,8BAAA;;GAAA;WACe","sources":["../../.spago/prelude/v4.1.1/src/Control/Category.purs"],"names":[],"version":3,"file":"index.js"},"_coverageSchema":"1a1c01bbd47fc00a2c39e90264f33305004495a9","hash":"a9f66d18bb5e614b1d632593905c1026960cda68","contentHash":"4457b02abc704121bde9a278df7203078f30bd76f2e4a8e55b5429c848a1a724"},"/Users/joel/Workspace/purescript-grunt/output/Data.Function/index.js":{"path":"/Users/joel/Workspace/purescript-grunt/output/Data.Function/index.js","statementMap":{"0":{"start":{"line":3,"column":19},"end":{"line":3,"column":54}},"1":{"start":{"line":4,"column":9},"end":{"line":12,"column":1}},"2":{"start":{"line":5,"column":4},"end":{"line":11,"column":6}},"3":{"start":{"line":6,"column":8},"end":{"line":10,"column":10}},"4":{"start":{"line":7,"column":12},"end":{"line":9,"column":14}},"5":{"start":{"line":8,"column":16},"end":{"line":8,"column":37}},"6":{"start":{"line":13,"column":11},"end":{"line":19,"column":1}},"7":{"start":{"line":14,"column":4},"end":{"line":18,"column":6}},"8":{"start":{"line":15,"column":8},"end":{"line":17,"column":10}},"9":{"start":{"line":16,"column":12},"end":{"line":16,"column":27}},"10":{"start":{"line":20,"column":14},"end":{"line":24,"column":1}},"11":{"start":{"line":21,"column":4},"end":{"line":23,"column":6}},"12":{"start":{"line":22,"column":8},"end":{"line":22,"column":17}},"13":{"start":{"line":25,"column":13},"end":{"line":50,"column":1}},"14":{"start":{"line":26,"column":13},"end":{"line":48,"column":5}},"15":{"start":{"line":27,"column":8},"end":{"line":47,"column":10}},"16":{"start":{"line":28,"column":29},"end":{"line":28,"column":36}},"17":{"start":{"line":29,"column":28},"end":{"line":29,"column":33}},"18":{"start":{"line":32,"column":16},"end":{"line":35,"column":17}},"19":{"start":{"line":33,"column":20},"end":{"line":33,"column":37}},"20":{"start":{"line":34,"column":20},"end":{"line":34,"column":31}},"21":{"start":{"line":36,"column":16},"end":{"line":40,"column":17}},"22":{"start":{"line":37,"column":20},"end":{"line":37,"column":43}},"23":{"start":{"line":38,"column":20},"end":{"line":38,"column":39}},"24":{"start":{"line":39,"column":20},"end":{"line":39,"column":27}},"25":{"start":{"line":41,"column":16},"end":{"line":41,"column":163}},"26":{"start":{"line":43,"column":12},"end":{"line":45,"column":13}},"27":{"start":{"line":44,"column":16},"end":{"line":44,"column":63}},"28":{"start":{"line":46,"column":12},"end":{"line":46,"column":31}},"29":{"start":{"line":49,"column":4},"end":{"line":49,"column":14}},"30":{"start":{"line":51,"column":19},"end":{"line":55,"column":1}},"31":{"start":{"line":52,"column":4},"end":{"line":54,"column":6}},"32":{"start":{"line":53,"column":8},"end":{"line":53,"column":20}},"33":{"start":{"line":56,"column":12},"end":{"line":60,"column":1}},"34":{"start":{"line":57,"column":4},"end":{"line":59,"column":6}},"35":{"start":{"line":58,"column":8},"end":{"line":58,"column":20}},"36":{"start":{"line":61,"column":0},"end":{"line":68,"column":2}}},"fnMap":{"0":{"name":"(anonymous_0)","decl":{"start":{"line":4,"column":9},"end":{"line":4,"column":10}},"loc":{"start":{"line":4,"column":22},"end":{"line":12,"column":1}},"line":4},"1":{"name":"(anonymous_1)","decl":{"start":{"line":5,"column":11},"end":{"line":5,"column":12}},"loc":{"start":{"line":5,"column":24},"end":{"line":11,"column":5}},"line":5},"2":{"name":"(anonymous_2)","decl":{"start":{"line":6,"column":15},"end":{"line":6,"column":16}},"loc":{"start":{"line":6,"column":28},"end":{"line":10,"column":9}},"line":6},"3":{"name":"(anonymous_3)","decl":{"start":{"line":7,"column":19},"end":{"line":7,"column":20}},"loc":{"start":{"line":7,"column":32},"end":{"line":9,"column":13}},"line":7},"4":{"name":"(anonymous_4)","decl":{"start":{"line":13,"column":11},"end":{"line":13,"column":12}},"loc":{"start":{"line":13,"column":24},"end":{"line":19,"column":1}},"line":13},"5":{"name":"(anonymous_5)","decl":{"start":{"line":14,"column":11},"end":{"line":14,"column":12}},"loc":{"start":{"line":14,"column":24},"end":{"line":18,"column":5}},"line":14},"6":{"name":"(anonymous_6)","decl":{"start":{"line":15,"column":15},"end":{"line":15,"column":16}},"loc":{"start":{"line":15,"column":28},"end":{"line":17,"column":9}},"line":15},"7":{"name":"(anonymous_7)","decl":{"start":{"line":20,"column":14},"end":{"line":20,"column":15}},"loc":{"start":{"line":20,"column":27},"end":{"line":24,"column":1}},"line":20},"8":{"name":"(anonymous_8)","decl":{"start":{"line":21,"column":11},"end":{"line":21,"column":12}},"loc":{"start":{"line":21,"column":24},"end":{"line":23,"column":5}},"line":21},"9":{"name":"(anonymous_9)","decl":{"start":{"line":25,"column":13},"end":{"line":25,"column":14}},"loc":{"start":{"line":25,"column":26},"end":{"line":50,"column":1}},"line":25},"10":{"name":"(anonymous_10)","decl":{"start":{"line":26,"column":13},"end":{"line":26,"column":14}},"loc":{"start":{"line":26,"column":32},"end":{"line":48,"column":5}},"line":26},"11":{"name":"(anonymous_11)","decl":{"start":{"line":27,"column":15},"end":{"line":27,"column":16}},"loc":{"start":{"line":27,"column":36},"end":{"line":47,"column":9}},"line":27},"12":{"name":"$tco_loop","decl":{"start":{"line":31,"column":21},"end":{"line":31,"column":30}},"loc":{"start":{"line":31,"column":39},"end":{"line":42,"column":13}},"line":31},"13":{"name":"(anonymous_13)","decl":{"start":{"line":51,"column":19},"end":{"line":51,"column":20}},"loc":{"start":{"line":51,"column":32},"end":{"line":55,"column":1}},"line":51},"14":{"name":"(anonymous_14)","decl":{"start":{"line":52,"column":11},"end":{"line":52,"column":12}},"loc":{"start":{"line":52,"column":24},"end":{"line":54,"column":5}},"line":52},"15":{"name":"(anonymous_15)","decl":{"start":{"line":56,"column":12},"end":{"line":56,"column":13}},"loc":{"start":{"line":56,"column":25},"end":{"line":60,"column":1}},"line":56},"16":{"name":"(anonymous_16)","decl":{"start":{"line":57,"column":11},"end":{"line":57,"column":12}},"loc":{"start":{"line":57,"column":24},"end":{"line":59,"column":5}},"line":57}},"branchMap":{"0":{"loc":{"start":{"line":32,"column":16},"end":{"line":35,"column":17}},"type":"if","locations":[{"start":{"line":32,"column":16},"end":{"line":35,"column":17}},{"start":{"line":32,"column":16},"end":{"line":35,"column":17}}],"line":32},"1":{"loc":{"start":{"line":36,"column":16},"end":{"line":40,"column":17}},"type":"if","locations":[{"start":{"line":36,"column":16},"end":{"line":40,"column":17}},{"start":{"line":36,"column":16},"end":{"line":40,"column":17}}],"line":36}},"s":{"0":1,"1":1,"2":3,"3":3,"4":9,"5":9,"6":1,"7":21,"8":9,"9":7,"10":1,"11":29,"12":6,"13":1,"14":0,"15":0,"16":0,"17":0,"18":0,"19":0,"20":0,"21":0,"22":0,"23":0,"24":0,"25":0,"26":0,"27":0,"28":0,"29":0,"30":1,"31":0,"32":0,"33":1,"34":0,"35":0,"36":1},"f":{"0":3,"1":3,"2":9,"3":9,"4":21,"5":9,"6":7,"7":29,"8":6,"9":0,"10":0,"11":0,"12":0,"13":0,"14":0,"15":0,"16":0},"b":{"0":[0,0],"1":[0,0]},"inputSourceMap":{"mappings":";;AAAA;AAyGA,SAAA;WAAA;eAAA;mBAAA;uBACkB,EAAL,EAAE,IAAM,EAAE;;;;;AAtFvB,WAAA;WAAA;eAAA;mBACa,EAAE,GAAE;;;;AAOjB,cAAA;WAAA;eACY;;;AA6DZ,aAAA;IAGE,SAAA;eAAA;;;;;gBAAG,IAAH,KACS;;2BADT;;gBAAG;iCAAH,IAEwB,IAAJ;gCAAQ,EAF5B;;;uHAAA,oBAAA;;;;;;;;WAFS;;AA/BX,mBAAA;WAAA;eACmB,EAAE;;;AA3BrB,YAAA;WAAA;eACY,EAAE","sources":["../../.spago/prelude/v4.1.1/src/Data/Function.purs"],"names":[],"version":3,"file":"index.js"},"_coverageSchema":"1a1c01bbd47fc00a2c39e90264f33305004495a9","hash":"fa0c98770a1bc150ae2dfc35a2f7289110d0d01c","contentHash":"f27dac48b1976584a0cc299c5dead35e020b114ae8f18d7365676d75bd4d4e51"},"/Users/joel/Workspace/purescript-grunt/output/Data.Boolean/index.js":{"path":"/Users/joel/Workspace/purescript-grunt/output/Data.Boolean/index.js","statementMap":{"0":{"start":{"line":3,"column":16},"end":{"line":3,"column":20}},"1":{"start":{"line":4,"column":0},"end":{"line":6,"column":2}}},"fnMap":{},"branchMap":{},"s":{"0":1,"1":1},"f":{},"b":{},"inputSourceMap":{"mappings":";;AAQA,gBACY","sources":["../../.spago/prelude/v4.1.1/src/Data/Boolean.purs"],"names":[],"version":3,"file":"index.js"},"_coverageSchema":"1a1c01bbd47fc00a2c39e90264f33305004495a9","hash":"c77293418cfd1cae2058bc4ec03f5f0eb4d3d2f3","contentHash":"e71bcddffcaf765cc107d54c1d35a4891bef50350b0fb0d345af998e0b6e1d51"},"/Users/joel/Workspace/purescript-grunt/output/Data.Unit/index.js":{"path":"/Users/joel/Workspace/purescript-grunt/output/Data.Unit/index.js","statementMap":{"0":{"start":{"line":3,"column":15},"end":{"line":3,"column":38}},"1":{"start":{"line":4,"column":16},"end":{"line":4,"column":48}},"2":{"start":{"line":5,"column":15},"end":{"line":7,"column":2}},"3":{"start":{"line":6,"column":4},"end":{"line":6,"column":18}},"4":{"start":{"line":8,"column":0},"end":{"line":11,"column":2}}},"fnMap":{"0":{"name":"(anonymous_0)","decl":{"start":{"line":5,"column":34},"end":{"line":5,"column":35}},"loc":{"start":{"line":5,"column":47},"end":{"line":7,"column":1}},"line":5}},"branchMap":{},"s":{"0":1,"1":1,"2":1,"3":0,"4":1},"f":{"0":0},"b":{},"inputSourceMap":{"mappings":";;;AAAA;AAcA,kCAAA;WACW","sources":["../../.spago/prelude/v4.1.1/src/Data/Unit.purs"],"names":[],"version":3,"file":"index.js"},"_coverageSchema":"1a1c01bbd47fc00a2c39e90264f33305004495a9","hash":"c428272b0ba54987ef572e7ca526e9d67823dd7e","contentHash":"fdc62751ee7281f3b9a716f4ddc73de4e8bd93e9084cee7af33b4f68f2de25cb"},"/Users/joel/Workspace/purescript-grunt/output/Record.Unsafe/index.js":{"path":"/Users/joel/Workspace/purescript-grunt/output/Record.Unsafe/index.js","statementMap":{"0":{"start":{"line":3,"column":15},"end":{"line":3,"column":38}},"1":{"start":{"line":4,"column":0},"end":{"line":9,"column":2}}},"fnMap":{},"branchMap":{},"s":{"0":1,"1":1},"f":{},"b":{},"inputSourceMap":{"mappings":"","sources":[],"names":[],"version":3,"file":"index.js"},"_coverageSchema":"1a1c01bbd47fc00a2c39e90264f33305004495a9","hash":"d11c0203799b40e164be2c421253569dba9ce13b","contentHash":"d09b6d86b7adb4af329f0a8c07376c799eef992b15dfada9c3b817339a87d8ad"},"/Users/joel/Workspace/purescript-grunt/output/Type.Data.RowList/index.js":{"path":"/Users/joel/Workspace/purescript-grunt/output/Type.Data.RowList/index.js","statementMap":{"0":{"start":{"line":3,"column":14},"end":{"line":9,"column":4}},"1":{"start":{"line":7,"column":4},"end":{"line":7,"column":34}},"2":{"start":{"line":8,"column":4},"end":{"line":8,"column":19}},"3":{"start":{"line":10,"column":0},"end":{"line":12,"column":2}}},"fnMap":{"0":{"name":"(anonymous_0)","decl":{"start":{"line":3,"column":15},"end":{"line":3,"column":16}},"loc":{"start":{"line":3,"column":27},"end":{"line":9,"column":1}},"line":3},"1":{"name":"RLProxy","decl":{"start":{"line":4,"column":13},"end":{"line":4,"column":20}},"loc":{"start":{"line":4,"column":23},"end":{"line":6,"column":5}},"line":4}},"branchMap":{},"s":{"0":1,"1":1,"2":1,"3":1},"f":{"0":1,"1":1},"b":{},"inputSourceMap":{"mappings":";;AAOA","sources":["../../.spago/prelude/v4.1.1/src/Type/Data/RowList.purs"],"names":[],"version":3,"file":"index.js"},"_coverageSchema":"1a1c01bbd47fc00a2c39e90264f33305004495a9","hash":"e92107d7b1ed295795480b3b72c3031e936e12e1","contentHash":"4bed763b0c49aefd8d7d4eada2e37fc9a0f76e82043a916d5bfc4526750965f9"},"/Users/joel/Workspace/purescript-grunt/output/Control.Alt/index.js":{"path":"/Users/joel/Workspace/purescript-grunt/output/Control.Alt/index.js","statementMap":{"0":{"start":{"line":3,"column":19},"end":{"line":3,"column":54}},"1":{"start":{"line":4,"column":21},"end":{"line":4,"column":58}},"2":{"start":{"line":5,"column":10},"end":{"line":8,"column":1}},"3":{"start":{"line":6,"column":4},"end":{"line":6,"column":29}},"4":{"start":{"line":7,"column":4},"end":{"line":7,"column":19}},"5":{"start":{"line":9,"column":15},"end":{"line":11,"column":56}},"6":{"start":{"line":10,"column":4},"end":{"line":10,"column":37}},"7":{"start":{"line":12,"column":10},"end":{"line":14,"column":1}},"8":{"start":{"line":13,"column":4},"end":{"line":13,"column":20}},"9":{"start":{"line":15,"column":0},"end":{"line":19,"column":2}}},"fnMap":{"0":{"name":"(anonymous_0)","decl":{"start":{"line":5,"column":10},"end":{"line":5,"column":11}},"loc":{"start":{"line":5,"column":35},"end":{"line":8,"column":1}},"line":5},"1":{"name":"(anonymous_1)","decl":{"start":{"line":9,"column":23},"end":{"line":9,"column":24}},"loc":{"start":{"line":9,"column":35},"end":{"line":11,"column":1}},"line":9},"2":{"name":"(anonymous_2)","decl":{"start":{"line":12,"column":10},"end":{"line":12,"column":11}},"loc":{"start":{"line":12,"column":26},"end":{"line":14,"column":1}},"line":12}},"branchMap":{},"s":{"0":1,"1":1,"2":1,"3":12,"4":12,"5":1,"6":0,"7":1,"8":1,"9":1},"f":{"0":12,"1":0,"2":1},"b":{},"inputSourceMap":{"mappings":";;AAAA;AAAA;AAoBA,UAAA;;;;AAKA,uBAAA;;;AAJE,UAAA;WAAA","sources":["../../.spago/control/v4.2.0/src/Control/Alt.purs"],"names":[],"version":3,"file":"index.js"},"_coverageSchema":"1a1c01bbd47fc00a2c39e90264f33305004495a9","hash":"29cd086ebbf9c9d277155c3e9aaddbcc9b032f9a","contentHash":"4d9460a43c6a118ca1e810978f89ed8048a72ed2724efe37ec55e21db7fea392"},"/Users/joel/Workspace/purescript-grunt/output/Data.Void/index.js":{"path":"/Users/joel/Workspace/purescript-grunt/output/Data.Void/index.js","statementMap":{"0":{"start":{"line":3,"column":16},"end":{"line":3,"column":48}},"1":{"start":{"line":4,"column":11},"end":{"line":6,"column":1}},"2":{"start":{"line":5,"column":4},"end":{"line":5,"column":13}},"3":{"start":{"line":7,"column":13},"end":{"line":20,"column":1}},"4":{"start":{"line":8,"column":15},"end":{"line":18,"column":5}},"5":{"start":{"line":11,"column":12},"end":{"line":11,"column":24}},"6":{"start":{"line":12,"column":12},"end":{"line":12,"column":19}},"7":{"start":{"line":14,"column":8},"end":{"line":16,"column":9}},"8":{"start":{"line":15,"column":12},"end":{"line":15,"column":45}},"9":{"start":{"line":17,"column":8},"end":{"line":17,"column":27}},"10":{"start":{"line":19,"column":4},"end":{"line":19,"column":19}},"11":{"start":{"line":21,"column":15},"end":{"line":21,"column":41}},"12":{"start":{"line":22,"column":0},"end":{"line":25,"column":2}}},"fnMap":{"0":{"name":"(anonymous_0)","decl":{"start":{"line":4,"column":11},"end":{"line":4,"column":12}},"loc":{"start":{"line":4,"column":24},"end":{"line":6,"column":1}},"line":4},"1":{"name":"(anonymous_1)","decl":{"start":{"line":7,"column":13},"end":{"line":7,"column":14}},"loc":{"start":{"line":7,"column":26},"end":{"line":20,"column":1}},"line":7},"2":{"name":"(anonymous_2)","decl":{"start":{"line":8,"column":15},"end":{"line":8,"column":16}},"loc":{"start":{"line":8,"column":34},"end":{"line":18,"column":5}},"line":8},"3":{"name":"$tco_loop","decl":{"start":{"line":10,"column":17},"end":{"line":10,"column":26}},"loc":{"start":{"line":10,"column":30},"end":{"line":13,"column":9}},"line":10}},"branchMap":{},"s":{"0":1,"1":1,"2":0,"3":1,"4":0,"5":0,"6":0,"7":0,"8":0,"9":0,"10":0,"11":1,"12":1},"f":{"0":0,"1":0,"2":0,"3":0},"b":{},"inputSourceMap":{"mappings":";;AAAA;AASA,WAAA;WAAA;;AAcA,aAAA;IAGE,WAAA;;;YAAM,AAAA,UAAN;YAAM;;;;;;;WAFG,KAAK;;AAbhB,kCACS","sources":["../../.spago/prelude/v4.1.1/src/Data/Void.purs"],"names":[],"version":3,"file":"index.js"},"_coverageSchema":"1a1c01bbd47fc00a2c39e90264f33305004495a9","hash":"d06dbb2afb5b587955d9cf18a23354f53a0fe8d9","contentHash":"6372d03a55797f6d5fe4b5a42ccd4aa934966be0dc245c3074c1209a48b3a483"},"/Users/joel/Workspace/purescript-grunt/output/Control.Alternative/index.js":{"path":"/Users/joel/Workspace/purescript-grunt/output/Control.Alternative/index.js","statementMap":{"0":{"start":{"line":3,"column":26},"end":{"line":3,"column":68}},"1":{"start":{"line":4,"column":19},"end":{"line":4,"column":54}},"2":{"start":{"line":5,"column":18},"end":{"line":8,"column":1}},"3":{"start":{"line":6,"column":4},"end":{"line":6,"column":37}},"4":{"start":{"line":7,"column":4},"end":{"line":7,"column":23}},"5":{"start":{"line":9,"column":23},"end":{"line":13,"column":2}},"6":{"start":{"line":10,"column":4},"end":{"line":10,"column":48}},"7":{"start":{"line":12,"column":4},"end":{"line":12,"column":34}},"8":{"start":{"line":14,"column":0},"end":{"line":17,"column":2}}},"fnMap":{"0":{"name":"(anonymous_0)","decl":{"start":{"line":5,"column":18},"end":{"line":5,"column":19}},"loc":{"start":{"line":5,"column":49},"end":{"line":8,"column":1}},"line":5},"1":{"name":"(anonymous_1)","decl":{"start":{"line":9,"column":39},"end":{"line":9,"column":40}},"loc":{"start":{"line":9,"column":51},"end":{"line":11,"column":1}},"line":9},"2":{"name":"(anonymous_2)","decl":{"start":{"line":11,"column":3},"end":{"line":11,"column":4}},"loc":{"start":{"line":11,"column":15},"end":{"line":13,"column":1}},"line":11}},"branchMap":{},"s":{"0":1,"1":1,"2":1,"3":8,"4":8,"5":1,"6":0,"7":0,"8":1},"f":{"0":8,"1":0,"2":0},"b":{},"inputSourceMap":{"mappings":";;AAAA;AAAA;AAwBA,kBAAA;;;;AAEA,uCAAA;;GAAA","sources":["../../.spago/control/v4.2.0/src/Control/Alternative.purs"],"names":[],"version":3,"file":"index.js"},"_coverageSchema":"1a1c01bbd47fc00a2c39e90264f33305004495a9","hash":"1b675834e577fc3001b9cf90a031092733a6b589","contentHash":"1eb95db6cb9da8469003e862e53a17f2dbca7124b83960da0a373ac1e1ecd47c"},"/Users/joel/Workspace/purescript-grunt/output/Control.Plus/index.js":{"path":"/Users/joel/Workspace/purescript-grunt/output/Control.Plus/index.js","statementMap":{"0":{"start":{"line":3,"column":18},"end":{"line":3,"column":52}},"1":{"start":{"line":4,"column":11},"end":{"line":7,"column":1}},"2":{"start":{"line":5,"column":4},"end":{"line":5,"column":21}},"3":{"start":{"line":6,"column":4},"end":{"line":6,"column":23}},"4":{"start":{"line":8,"column":16},"end":{"line":10,"column":8}},"5":{"start":{"line":9,"column":4},"end":{"line":9,"column":32}},"6":{"start":{"line":11,"column":12},"end":{"line":13,"column":1}},"7":{"start":{"line":12,"column":4},"end":{"line":12,"column":22}},"8":{"start":{"line":14,"column":0},"end":{"line":18,"column":2}}},"fnMap":{"0":{"name":"(anonymous_0)","decl":{"start":{"line":4,"column":11},"end":{"line":4,"column":12}},"loc":{"start":{"line":4,"column":34},"end":{"line":7,"column":1}},"line":4},"1":{"name":"(anonymous_1)","decl":{"start":{"line":8,"column":25},"end":{"line":8,"column":26}},"loc":{"start":{"line":8,"column":37},"end":{"line":10,"column":1}},"line":8},"2":{"name":"(anonymous_2)","decl":{"start":{"line":11,"column":12},"end":{"line":11,"column":13}},"loc":{"start":{"line":11,"column":28},"end":{"line":13,"column":1}},"line":11}},"branchMap":{},"s":{"0":1,"1":1,"2":9,"3":9,"4":1,"5":0,"6":1,"7":1,"8":1},"f":{"0":9,"1":0,"2":1},"b":{},"inputSourceMap":{"mappings":";;AAAA;AAsBA,WAAA;;;;AAGA,yBAAA;;GACU;AAHR,YAAA;WAAA","sources":["../../.spago/control/v4.2.0/src/Control/Plus.purs"],"names":[],"version":3,"file":"index.js"},"_coverageSchema":"1a1c01bbd47fc00a2c39e90264f33305004495a9","hash":"785b879b25fa09aefa76be095e632eb92e96fe0c","contentHash":"4b7fbc746f447e124789a1c4a0c529951daf122d251d21023d8e62bc49285809"},"/Users/joel/Workspace/purescript-grunt/output/Type.Data.Row/index.js":{"path":"/Users/joel/Workspace/purescript-grunt/output/Type.Data.Row/index.js","statementMap":{"0":{"start":{"line":3,"column":13},"end":{"line":9,"column":4}},"1":{"start":{"line":7,"column":4},"end":{"line":7,"column":32}},"2":{"start":{"line":8,"column":4},"end":{"line":8,"column":18}},"3":{"start":{"line":10,"column":0},"end":{"line":12,"column":2}}},"fnMap":{"0":{"name":"(anonymous_0)","decl":{"start":{"line":3,"column":14},"end":{"line":3,"column":15}},"loc":{"start":{"line":3,"column":26},"end":{"line":9,"column":1}},"line":3},"1":{"name":"RProxy","decl":{"start":{"line":4,"column":13},"end":{"line":4,"column":19}},"loc":{"start":{"line":4,"column":22},"end":{"line":6,"column":5}},"line":4}},"branchMap":{},"s":{"0":1,"1":1,"2":1,"3":1},"f":{"0":1,"1":1},"b":{},"inputSourceMap":{"mappings":";;AAkBA","sources":["../../.spago/prelude/v4.1.1/src/Type/Data/Row.purs"],"names":[],"version":3,"file":"index.js"},"_coverageSchema":"1a1c01bbd47fc00a2c39e90264f33305004495a9","hash":"3c22d9dfa81817188ec847be5fb9d2d4777f930f","contentHash":"753acef2c1dbc4473463845a93cf05d174f9bba1e18e08c049a2319683738636"},"/Users/joel/Workspace/purescript-grunt/output/Data.Bounded/index.js":{"path":"/Users/joel/Workspace/purescript-grunt/output/Data.Bounded/index.js","statementMap":{"0":{"start":{"line":3,"column":15},"end":{"line":3,"column":38}},"1":{"start":{"line":4,"column":15},"end":{"line":4,"column":46}},"2":{"start":{"line":5,"column":20},"end":{"line":5,"column":56}},"3":{"start":{"line":6,"column":16},"end":{"line":6,"column":48}},"4":{"start":{"line":7,"column":14},"end":{"line":11,"column":1}},"5":{"start":{"line":8,"column":4},"end":{"line":8,"column":21}},"6":{"start":{"line":9,"column":4},"end":{"line":9,"column":25}},"7":{"start":{"line":10,"column":4},"end":{"line":10,"column":19}},"8":{"start":{"line":12,"column":10},"end":{"line":14,"column":1}},"9":{"start":{"line":13,"column":4},"end":{"line":13,"column":20}},"10":{"start":{"line":15,"column":18},"end":{"line":17,"column":34}},"11":{"start":{"line":16,"column":4},"end":{"line":16,"column":28}},"12":{"start":{"line":18,"column":22},"end":{"line":20,"column":50}},"13":{"start":{"line":19,"column":4},"end":{"line":19,"column":32}},"14":{"start":{"line":21,"column":20},"end":{"line":23,"column":45}},"15":{"start":{"line":22,"column":4},"end":{"line":22,"column":30}},"16":{"start":{"line":24,"column":17},"end":{"line":26,"column":39}},"17":{"start":{"line":25,"column":4},"end":{"line":25,"column":27}},"18":{"start":{"line":27,"column":18},"end":{"line":29,"column":41}},"19":{"start":{"line":28,"column":4},"end":{"line":28,"column":28}},"20":{"start":{"line":30,"column":21},"end":{"line":32,"column":15}},"21":{"start":{"line":31,"column":4},"end":{"line":31,"column":31}},"22":{"start":{"line":33,"column":13},"end":{"line":35,"column":1}},"23":{"start":{"line":34,"column":4},"end":{"line":34,"column":23}},"24":{"start":{"line":36,"column":0},"end":{"line":46,"column":2}}},"fnMap":{"0":{"name":"(anonymous_0)","decl":{"start":{"line":7,"column":14},"end":{"line":7,"column":15}},"loc":{"start":{"line":7,"column":43},"end":{"line":11,"column":1}},"line":7},"1":{"name":"(anonymous_1)","decl":{"start":{"line":12,"column":10},"end":{"line":12,"column":11}},"loc":{"start":{"line":12,"column":26},"end":{"line":14,"column":1}},"line":12},"2":{"name":"(anonymous_2)","decl":{"start":{"line":15,"column":30},"end":{"line":15,"column":31}},"loc":{"start":{"line":15,"column":42},"end":{"line":17,"column":1}},"line":15},"3":{"name":"(anonymous_3)","decl":{"start":{"line":18,"column":34},"end":{"line":18,"column":35}},"loc":{"start":{"line":18,"column":46},"end":{"line":20,"column":1}},"line":18},"4":{"name":"(anonymous_4)","decl":{"start":{"line":21,"column":32},"end":{"line":21,"column":33}},"loc":{"start":{"line":21,"column":44},"end":{"line":23,"column":1}},"line":21},"5":{"name":"(anonymous_5)","decl":{"start":{"line":24,"column":29},"end":{"line":24,"column":30}},"loc":{"start":{"line":24,"column":41},"end":{"line":26,"column":1}},"line":24},"6":{"name":"(anonymous_6)","decl":{"start":{"line":27,"column":30},"end":{"line":27,"column":31}},"loc":{"start":{"line":27,"column":42},"end":{"line":29,"column":1}},"line":27},"7":{"name":"(anonymous_7)","decl":{"start":{"line":30,"column":33},"end":{"line":30,"column":34}},"loc":{"start":{"line":30,"column":45},"end":{"line":32,"column":1}},"line":30},"8":{"name":"(anonymous_8)","decl":{"start":{"line":33,"column":13},"end":{"line":33,"column":14}},"loc":{"start":{"line":33,"column":29},"end":{"line":35,"column":1}},"line":33}},"branchMap":{},"s":{"0":1,"1":1,"2":1,"3":1,"4":1,"5":20,"6":20,"7":20,"8":1,"9":13,"10":1,"11":0,"12":1,"13":0,"14":1,"15":0,"16":1,"17":0,"18":1,"19":0,"20":1,"21":0,"22":1,"23":13,"24":1},"f":{"0":20,"1":13,"2":0,"3":0,"4":0,"5":0,"6":0,"7":0,"8":13},"b":{},"inputSourceMap":{"mappings":";;;AAAA;AAAA;AAAA;AAgBA,cAAA;;;;;AACE,UAAA;WAAA;;AA6BF,8BAAA;;;AAJA,kCAAA;;;AAWA,gCAAA;;;AA1BA,6BAAA;;;AAQA,8BAAA;;;AAfA,iCAAA;;GAEW,OADH;AAHN,aAAA;WAAA","sources":["../../.spago/prelude/v4.1.1/src/Data/Bounded.purs"],"names":[],"version":3,"file":"index.js"},"_coverageSchema":"1a1c01bbd47fc00a2c39e90264f33305004495a9","hash":"068118c5cac274a6f8d81c68d4f9ae674c27d6c5","contentHash":"dd7a58b26ec4b403305c56543ba99ee28b99f4edf6c2824d8e8ff2bfa7444baa"},"/Users/joel/Workspace/purescript-grunt/output/Data.Ordering/index.js":{"path":"/Users/joel/Workspace/purescript-grunt/output/Data.Ordering/index.js","statementMap":{"0":{"start":{"line":3,"column":14},"end":{"line":3,"column":44}},"1":{"start":{"line":4,"column":21},"end":{"line":4,"column":58}},"2":{"start":{"line":5,"column":16},"end":{"line":5,"column":48}},"3":{"start":{"line":6,"column":9},"end":{"line":12,"column":4}},"4":{"start":{"line":10,"column":4},"end":{"line":10,"column":24}},"5":{"start":{"line":11,"column":4},"end":{"line":11,"column":14}},"6":{"start":{"line":13,"column":9},"end":{"line":19,"column":4}},"7":{"start":{"line":17,"column":4},"end":{"line":17,"column":24}},"8":{"start":{"line":18,"column":4},"end":{"line":18,"column":14}},"9":{"start":{"line":20,"column":9},"end":{"line":26,"column":4}},"10":{"start":{"line":24,"column":4},"end":{"line":24,"column":24}},"11":{"start":{"line":25,"column":4},"end":{"line":25,"column":14}},"12":{"start":{"line":27,"column":19},"end":{"line":38,"column":2}},"13":{"start":{"line":28,"column":4},"end":{"line":30,"column":5}},"14":{"start":{"line":29,"column":8},"end":{"line":29,"column":20}},"15":{"start":{"line":31,"column":4},"end":{"line":33,"column":5}},"16":{"start":{"line":32,"column":8},"end":{"line":32,"column":20}},"17":{"start":{"line":34,"column":4},"end":{"line":36,"column":5}},"18":{"start":{"line":35,"column":8},"end":{"line":35,"column":20}},"19":{"start":{"line":37,"column":4},"end":{"line":37,"column":129}},"20":{"start":{"line":39,"column":24},"end":{"line":52,"column":2}},"21":{"start":{"line":40,"column":4},"end":{"line":51,"column":6}},"22":{"start":{"line":41,"column":8},"end":{"line":43,"column":9}},"23":{"start":{"line":42,"column":12},"end":{"line":42,"column":28}},"24":{"start":{"line":44,"column":8},"end":{"line":46,"column":9}},"25":{"start":{"line":45,"column":12},"end":{"line":45,"column":28}},"26":{"start":{"line":47,"column":8},"end":{"line":49,"column":9}},"27":{"start":{"line":48,"column":12},"end":{"line":48,"column":22}},"28":{"start":{"line":50,"column":8},"end":{"line":50,"column":154}},"29":{"start":{"line":53,"column":13},"end":{"line":64,"column":1}},"30":{"start":{"line":54,"column":4},"end":{"line":56,"column":5}},"31":{"start":{"line":55,"column":8},"end":{"line":55,"column":24}},"32":{"start":{"line":57,"column":4},"end":{"line":59,"column":5}},"33":{"start":{"line":58,"column":8},"end":{"line":58,"column":24}},"34":{"start":{"line":60,"column":4},"end":{"line":62,"column":5}},"35":{"start":{"line":61,"column":8},"end":{"line":61,"column":24}},"36":{"start":{"line":63,"column":4},"end":{"line":63,"column":129}},"37":{"start":{"line":65,"column":17},"end":{"line":78,"column":2}},"38":{"start":{"line":66,"column":4},"end":{"line":77,"column":6}},"39":{"start":{"line":67,"column":8},"end":{"line":69,"column":9}},"40":{"start":{"line":68,"column":12},"end":{"line":68,"column":24}},"41":{"start":{"line":70,"column":8},"end":{"line":72,"column":9}},"42":{"start":{"line":71,"column":12},"end":{"line":71,"column":24}},"43":{"start":{"line":73,"column":8},"end":{"line":75,"column":9}},"44":{"start":{"line":74,"column":12},"end":{"line":74,"column":24}},"45":{"start":{"line":76,"column":8},"end":{"line":76,"column":21}},"46":{"start":{"line":79,"column":0},"end":{"line":87,"column":2}}},"fnMap":{"0":{"name":"(anonymous_0)","decl":{"start":{"line":6,"column":10},"end":{"line":6,"column":11}},"loc":{"start":{"line":6,"column":22},"end":{"line":12,"column":1}},"line":6},"1":{"name":"LT","decl":{"start":{"line":7,"column":13},"end":{"line":7,"column":15}},"loc":{"start":{"line":7,"column":18},"end":{"line":9,"column":5}},"line":7},"2":{"name":"(anonymous_2)","decl":{"start":{"line":13,"column":10},"end":{"line":13,"column":11}},"loc":{"start":{"line":13,"column":22},"end":{"line":19,"column":1}},"line":13},"3":{"name":"GT","decl":{"start":{"line":14,"column":13},"end":{"line":14,"column":15}},"loc":{"start":{"line":14,"column":18},"end":{"line":16,"column":5}},"line":14},"4":{"name":"(anonymous_4)","decl":{"start":{"line":20,"column":10},"end":{"line":20,"column":11}},"loc":{"start":{"line":20,"column":22},"end":{"line":26,"column":1}},"line":20},"5":{"name":"EQ","decl":{"start":{"line":21,"column":13},"end":{"line":21,"column":15}},"loc":{"start":{"line":21,"column":18},"end":{"line":23,"column":5}},"line":21},"6":{"name":"(anonymous_6)","decl":{"start":{"line":27,"column":38},"end":{"line":27,"column":39}},"loc":{"start":{"line":27,"column":51},"end":{"line":38,"column":1}},"line":27},"7":{"name":"(anonymous_7)","decl":{"start":{"line":39,"column":53},"end":{"line":39,"column":54}},"loc":{"start":{"line":39,"column":66},"end":{"line":52,"column":1}},"line":39},"8":{"name":"(anonymous_8)","decl":{"start":{"line":40,"column":11},"end":{"line":40,"column":12}},"loc":{"start":{"line":40,"column":25},"end":{"line":51,"column":5}},"line":40},"9":{"name":"(anonymous_9)","decl":{"start":{"line":53,"column":13},"end":{"line":53,"column":14}},"loc":{"start":{"line":53,"column":26},"end":{"line":64,"column":1}},"line":53},"10":{"name":"(anonymous_10)","decl":{"start":{"line":65,"column":32},"end":{"line":65,"column":33}},"loc":{"start":{"line":65,"column":45},"end":{"line":78,"column":1}},"line":65},"11":{"name":"(anonymous_11)","decl":{"start":{"line":66,"column":11},"end":{"line":66,"column":12}},"loc":{"start":{"line":66,"column":25},"end":{"line":77,"column":5}},"line":66}},"branchMap":{"0":{"loc":{"start":{"line":28,"column":4},"end":{"line":30,"column":5}},"type":"if","locations":[{"start":{"line":28,"column":4},"end":{"line":30,"column":5}},{"start":{"line":28,"column":4},"end":{"line":30,"column":5}}],"line":28},"1":{"loc":{"start":{"line":31,"column":4},"end":{"line":33,"column":5}},"type":"if","locations":[{"start":{"line":31,"column":4},"end":{"line":33,"column":5}},{"start":{"line":31,"column":4},"end":{"line":33,"column":5}}],"line":31},"2":{"loc":{"start":{"line":34,"column":4},"end":{"line":36,"column":5}},"type":"if","locations":[{"start":{"line":34,"column":4},"end":{"line":36,"column":5}},{"start":{"line":34,"column":4},"end":{"line":36,"column":5}}],"line":34},"3":{"loc":{"start":{"line":41,"column":8},"end":{"line":43,"column":9}},"type":"if","locations":[{"start":{"line":41,"column":8},"end":{"line":43,"column":9}},{"start":{"line":41,"column":8},"end":{"line":43,"column":9}}],"line":41},"4":{"loc":{"start":{"line":44,"column":8},"end":{"line":46,"column":9}},"type":"if","locations":[{"start":{"line":44,"column":8},"end":{"line":46,"column":9}},{"start":{"line":44,"column":8},"end":{"line":46,"column":9}}],"line":44},"5":{"loc":{"start":{"line":47,"column":8},"end":{"line":49,"column":9}},"type":"if","locations":[{"start":{"line":47,"column":8},"end":{"line":49,"column":9}},{"start":{"line":47,"column":8},"end":{"line":49,"column":9}}],"line":47},"6":{"loc":{"start":{"line":54,"column":4},"end":{"line":56,"column":5}},"type":"if","locations":[{"start":{"line":54,"column":4},"end":{"line":56,"column":5}},{"start":{"line":54,"column":4},"end":{"line":56,"column":5}}],"line":54},"7":{"loc":{"start":{"line":57,"column":4},"end":{"line":59,"column":5}},"type":"if","locations":[{"start":{"line":57,"column":4},"end":{"line":59,"column":5}},{"start":{"line":57,"column":4},"end":{"line":59,"column":5}}],"line":57},"8":{"loc":{"start":{"line":60,"column":4},"end":{"line":62,"column":5}},"type":"if","locations":[{"start":{"line":60,"column":4},"end":{"line":62,"column":5}},{"start":{"line":60,"column":4},"end":{"line":62,"column":5}}],"line":60},"9":{"loc":{"start":{"line":67,"column":8},"end":{"line":69,"column":9}},"type":"if","locations":[{"start":{"line":67,"column":8},"end":{"line":69,"column":9}},{"start":{"line":67,"column":8},"end":{"line":69,"column":9}}],"line":67},"10":{"loc":{"start":{"line":67,"column":12},"end":{"line":67,"column":47}},"type":"binary-expr","locations":[{"start":{"line":67,"column":12},"end":{"line":67,"column":27}},{"start":{"line":67,"column":31},"end":{"line":67,"column":47}}],"line":67},"11":{"loc":{"start":{"line":70,"column":8},"end":{"line":72,"column":9}},"type":"if","locations":[{"start":{"line":70,"column":8},"end":{"line":72,"column":9}},{"start":{"line":70,"column":8},"end":{"line":72,"column":9}}],"line":70},"12":{"loc":{"start":{"line":70,"column":12},"end":{"line":70,"column":47}},"type":"binary-expr","locations":[{"start":{"line":70,"column":12},"end":{"line":70,"column":27}},{"start":{"line":70,"column":31},"end":{"line":70,"column":47}}],"line":70},"13":{"loc":{"start":{"line":73,"column":8},"end":{"line":75,"column":9}},"type":"if","locations":[{"start":{"line":73,"column":8},"end":{"line":75,"column":9}},{"start":{"line":73,"column":8},"end":{"line":75,"column":9}}],"line":73},"14":{"loc":{"start":{"line":73,"column":12},"end":{"line":73,"column":47}},"type":"binary-expr","locations":[{"start":{"line":73,"column":12},"end":{"line":73,"column":27}},{"start":{"line":73,"column":31},"end":{"line":73,"column":47}}],"line":73}},"s":{"0":1,"1":1,"2":1,"3":1,"4":1,"5":1,"6":1,"7":1,"8":1,"9":1,"10":1,"11":1,"12":1,"13":0,"14":0,"15":0,"16":0,"17":0,"18":0,"19":0,"20":1,"21":0,"22":0,"23":0,"24":0,"25":0,"26":0,"27":0,"28":0,"29":1,"30":0,"31":0,"32":0,"33":0,"34":0,"35":0,"36":0,"37":1,"38":0,"39":0,"40":0,"41":0,"42":0,"43":0,"44":0,"45":0,"46":1},"f":{"0":1,"1":1,"2":1,"3":1,"4":1,"5":1,"6":0,"7":0,"8":0,"9":0,"10":0,"11":0},"b":{"0":[0,0],"1":[0,0],"2":[0,0],"3":[0,0],"4":[0,0],"5":[0,0],"6":[0,0],"7":[0,0],"8":[0,0],"9":[0,0],"10":[0,0],"11":[0,0],"12":[0,0],"13":[0,0],"14":[0,0]},"inputSourceMap":{"mappings":";;AAAA;AAAA;AAAA;AAYA;;;;;;;AAAA;;;;;;;AAAA;;;;;;;AAaA,sCAAA;IACO,IAAL;eAAU;;IACL,IADL;eACU;;IACL,IAFL;eAEU;;2GAFV;;AANF,qDAAA;WAAA;QACS,IAAP;YAAU;;QACH,IADP;YACU;;QACH,IAFP;YAEU,OAFV;;+GAAA,oBAAA;;;AAWF,aAAA;IACO,IAAP;;;IACO,IADP;;;IAEO,IAFP;;;2GAAA;;AAnBA,gCAAA;WAAA;QACK,IAAH,mBAAA;mBAAW;;QACR,IADH,mBAAA;mBACW;;QACR,IAFH,mBAAA;mBAEW;;QACR,OAAQ","sources":["../../.spago/prelude/v4.1.1/src/Data/Ordering.purs"],"names":[],"version":3,"file":"index.js"},"_coverageSchema":"1a1c01bbd47fc00a2c39e90264f33305004495a9","hash":"c97ba43f7ef5e734486782cff63c865cd1ebee00","contentHash":"b948eb55daf57836ba6940423530c487d545cd25248fac63ddf37e1713a829fc"},"/Users/joel/Workspace/purescript-grunt/output/Control.Biapplicative/index.js":{"path":"/Users/joel/Workspace/purescript-grunt/output/Control.Biapplicative/index.js","statementMap":{"0":{"start":{"line":3,"column":20},"end":{"line":6,"column":1}},"1":{"start":{"line":4,"column":4},"end":{"line":4,"column":29}},"2":{"start":{"line":5,"column":4},"end":{"line":5,"column":25}},"3":{"start":{"line":7,"column":13},"end":{"line":9,"column":1}},"4":{"start":{"line":8,"column":4},"end":{"line":8,"column":23}},"5":{"start":{"line":10,"column":0},"end":{"line":13,"column":2}}},"fnMap":{"0":{"name":"(anonymous_0)","decl":{"start":{"line":3,"column":20},"end":{"line":3,"column":21}},"loc":{"start":{"line":3,"column":48},"end":{"line":6,"column":1}},"line":3},"1":{"name":"(anonymous_1)","decl":{"start":{"line":7,"column":13},"end":{"line":7,"column":14}},"loc":{"start":{"line":7,"column":29},"end":{"line":9,"column":1}},"line":7}},"branchMap":{},"s":{"0":1,"1":1,"2":1,"3":1,"4":0,"5":1},"f":{"0":1,"1":0},"b":{},"inputSourceMap":{"mappings":";;AAMA,oBAAA;;;;AACE,aAAA;WAAA","sources":["../../.spago/bifunctors/v4.0.0/src/Control/Biapplicative.purs"],"names":[],"version":3,"file":"index.js"},"_coverageSchema":"1a1c01bbd47fc00a2c39e90264f33305004495a9","hash":"c805e821c248ac6e6abe3cb971cfacc6cee5be92","contentHash":"f6799c12622384123dcf00ca310474184b81439f9dedc1b48bd8dcb679b9c343"},"/Users/joel/Workspace/purescript-grunt/output/Effect.Exception/index.js":{"path":"/Users/joel/Workspace/purescript-grunt/output/Effect.Exception/index.js","statementMap":{"0":{"start":{"line":3,"column":15},"end":{"line":3,"column":38}},"1":{"start":{"line":4,"column":26},"end":{"line":4,"column":68}},"2":{"start":{"line":5,"column":18},"end":{"line":5,"column":52}},"3":{"start":{"line":6,"column":19},"end":{"line":6,"column":54}},"4":{"start":{"line":7,"column":17},"end":{"line":7,"column":50}},"5":{"start":{"line":8,"column":16},"end":{"line":8,"column":48}},"6":{"start":{"line":9,"column":13},"end":{"line":9,"column":42}},"7":{"start":{"line":10,"column":12},"end":{"line":17,"column":1}},"8":{"start":{"line":11,"column":4},"end":{"line":16,"column":84}},"9":{"start":{"line":12,"column":17},"end":{"line":12,"column":67}},"10":{"start":{"line":13,"column":8},"end":{"line":15,"column":10}},"11":{"start":{"line":14,"column":12},"end":{"line":14,"column":51}},"12":{"start":{"line":18,"column":14},"end":{"line":20,"column":1}},"13":{"start":{"line":19,"column":4},"end":{"line":19,"column":55}},"14":{"start":{"line":21,"column":12},"end":{"line":21,"column":80}},"15":{"start":{"line":22,"column":16},"end":{"line":22,"column":58}},"16":{"start":{"line":23,"column":0},"end":{"line":33,"column":2}}},"fnMap":{"0":{"name":"(anonymous_0)","decl":{"start":{"line":10,"column":12},"end":{"line":10,"column":13}},"loc":{"start":{"line":10,"column":30},"end":{"line":17,"column":1}},"line":10},"1":{"name":"(anonymous_1)","decl":{"start":{"line":11,"column":36},"end":{"line":11,"column":37}},"loc":{"start":{"line":11,"column":48},"end":{"line":16,"column":5}},"line":11},"2":{"name":"(anonymous_2)","decl":{"start":{"line":13,"column":15},"end":{"line":13,"column":16}},"loc":{"start":{"line":13,"column":29},"end":{"line":15,"column":9}},"line":13},"3":{"name":"(anonymous_3)","decl":{"start":{"line":18,"column":14},"end":{"line":18,"column":15}},"loc":{"start":{"line":18,"column":28},"end":{"line":20,"column":1}},"line":18}},"branchMap":{},"s":{"0":1,"1":1,"2":1,"3":1,"4":1,"5":1,"6":1,"7":1,"8":0,"9":0,"10":0,"11":0,"12":1,"13":0,"14":1,"15":1,"16":1},"f":{"0":0,"1":0,"2":0,"3":0},"b":{},"inputSourceMap":{"mappings":";;;AAGA;AAAA;AAAA;AAAA;AAAA;AAAA;AAgGA,YAAA;oCAC6B,YAAA;QAAA;eAAA,cAAA;mBAAA,2BAAA;;2EAA0B;;AApBvD,cACQ,cAAA;kDAAA;;AAzCR;AAfA","sources":["../../.spago/exceptions/v4.0.0/src/Effect/Exception.purs"],"names":[],"version":3,"file":"index.js"},"_coverageSchema":"1a1c01bbd47fc00a2c39e90264f33305004495a9","hash":"117f602dda430c869fa07a69724388668206ae81","contentHash":"e8d4f3f50764d1910d423be56d8f323bdf9eabc005fe4ae19c7621faff39decb"},"/Users/joel/Workspace/purescript-grunt/output/Control.Comonad/index.js":{"path":"/Users/joel/Workspace/purescript-grunt/output/Control.Comonad/index.js","statementMap":{"0":{"start":{"line":3,"column":14},"end":{"line":6,"column":1}},"1":{"start":{"line":4,"column":4},"end":{"line":4,"column":27}},"2":{"start":{"line":5,"column":4},"end":{"line":5,"column":27}},"3":{"start":{"line":7,"column":14},"end":{"line":9,"column":1}},"4":{"start":{"line":8,"column":4},"end":{"line":8,"column":24}},"5":{"start":{"line":10,"column":0},"end":{"line":13,"column":2}}},"fnMap":{"0":{"name":"(anonymous_0)","decl":{"start":{"line":3,"column":14},"end":{"line":3,"column":15}},"loc":{"start":{"line":3,"column":42},"end":{"line":6,"column":1}},"line":3},"1":{"name":"(anonymous_1)","decl":{"start":{"line":7,"column":14},"end":{"line":7,"column":15}},"loc":{"start":{"line":7,"column":30},"end":{"line":9,"column":1}},"line":7}},"branchMap":{},"s":{"0":1,"1":3,"2":3,"3":1,"4":0,"5":1},"f":{"0":3,"1":0},"b":{},"inputSourceMap":{"mappings":";;AAmBA,cAAA;;;;AACE,cAAA;WAAA","sources":["../../.spago/control/v4.2.0/src/Control/Comonad.purs"],"names":[],"version":3,"file":"index.js"},"_coverageSchema":"1a1c01bbd47fc00a2c39e90264f33305004495a9","hash":"696f4e50565b9d758e4c4e3947e109aad9c4b0f7","contentHash":"336be80cc1fe0bae38c7687e51184ae63d7a076c52c768b95230b8438c57f708"},"/Users/joel/Workspace/purescript-grunt/output/Effect.Ref/index.js":{"path":"/Users/joel/Workspace/purescript-grunt/output/Effect.Ref/index.js","statementMap":{"0":{"start":{"line":3,"column":15},"end":{"line":3,"column":38}},"1":{"start":{"line":4,"column":19},"end":{"line":4,"column":54}},"2":{"start":{"line":5,"column":13},"end":{"line":5,"column":42}},"3":{"start":{"line":6,"column":13},"end":{"line":14,"column":1}},"4":{"start":{"line":7,"column":4},"end":{"line":13,"column":7}},"5":{"start":{"line":8,"column":22},"end":{"line":8,"column":26}},"6":{"start":{"line":9,"column":8},"end":{"line":12,"column":10}},"7":{"start":{"line":15,"column":14},"end":{"line":19,"column":1}},"8":{"start":{"line":16,"column":4},"end":{"line":18,"column":6}},"9":{"start":{"line":17,"column":8},"end":{"line":17,"column":72}},"10":{"start":{"line":20,"column":0},"end":{"line":27,"column":2}}},"fnMap":{"0":{"name":"(anonymous_0)","decl":{"start":{"line":6,"column":13},"end":{"line":6,"column":14}},"loc":{"start":{"line":6,"column":26},"end":{"line":14,"column":1}},"line":6},"1":{"name":"(anonymous_1)","decl":{"start":{"line":7,"column":31},"end":{"line":7,"column":32}},"loc":{"start":{"line":7,"column":44},"end":{"line":13,"column":5}},"line":7},"2":{"name":"(anonymous_2)","decl":{"start":{"line":15,"column":14},"end":{"line":15,"column":15}},"loc":{"start":{"line":15,"column":27},"end":{"line":19,"column":1}},"line":15},"3":{"name":"(anonymous_3)","decl":{"start":{"line":16,"column":11},"end":{"line":16,"column":12}},"loc":{"start":{"line":16,"column":24},"end":{"line":18,"column":5}},"line":16}},"branchMap":{},"s":{"0":1,"1":1,"2":1,"3":1,"4":0,"5":0,"6":0,"7":1,"8":0,"9":0,"10":1},"f":{"0":0,"1":0,"2":0,"3":0},"b":{},"inputSourceMap":{"mappings":";;;AAMA;AAAA;AAsBA,aAAA;+BACmB;QAAU,cAAK,EAAE;eAAK;mBAAS;mBAAW;;;;AAE7D,cAAA;WAAA;0DACqB,OAAO,GAAE","sources":["../../.spago/refs/v4.1.0/src/Effect/Ref.purs"],"names":[],"version":3,"file":"index.js"},"_coverageSchema":"1a1c01bbd47fc00a2c39e90264f33305004495a9","hash":"3a9ddfd11ca383ddc2e6e77d4b92c70a61d36499","contentHash":"4e589173df13b5e3bbf9ee39e28d771e93cf737e8f7ea3d94ee7d43b92c31502"},"/Users/joel/Workspace/purescript-grunt/output/Control.Monad.Cont.Class/index.js":{"path":"/Users/joel/Workspace/purescript-grunt/output/Control.Monad.Cont.Class/index.js","statementMap":{"0":{"start":{"line":3,"column":16},"end":{"line":6,"column":1}},"1":{"start":{"line":4,"column":4},"end":{"line":4,"column":25}},"2":{"start":{"line":5,"column":4},"end":{"line":5,"column":25}},"3":{"start":{"line":7,"column":13},"end":{"line":9,"column":1}},"4":{"start":{"line":8,"column":4},"end":{"line":8,"column":23}},"5":{"start":{"line":10,"column":0},"end":{"line":13,"column":2}}},"fnMap":{"0":{"name":"(anonymous_0)","decl":{"start":{"line":3,"column":16},"end":{"line":3,"column":17}},"loc":{"start":{"line":3,"column":42},"end":{"line":6,"column":1}},"line":3},"1":{"name":"(anonymous_1)","decl":{"start":{"line":7,"column":13},"end":{"line":7,"column":14}},"loc":{"start":{"line":7,"column":29},"end":{"line":9,"column":1}},"line":7}},"branchMap":{},"s":{"0":1,"1":0,"2":0,"3":1,"4":0,"5":1},"f":{"0":0,"1":0},"b":{},"inputSourceMap":{"mappings":";;AAuBA,gBAAA;;;;AACE,aAAA;WAAA","sources":["../../.spago/transformers/v4.2.0/src/Control/Monad/Cont/Class.purs"],"names":[],"version":3,"file":"index.js"},"_coverageSchema":"1a1c01bbd47fc00a2c39e90264f33305004495a9","hash":"52fd146c5cd7e829eee8cd8a13cacbb9c24314f6","contentHash":"2236cc593e02a57e08d2c2715924bd821f04904ea93f254b17efc9b88d03e5ae"},"/Users/joel/Workspace/purescript-grunt/output/Type.Equality/index.js":{"path":"/Users/joel/Workspace/purescript-grunt/output/Type.Equality/index.js","statementMap":{"0":{"start":{"line":3,"column":17},"end":{"line":6,"column":1}},"1":{"start":{"line":4,"column":4},"end":{"line":4,"column":21}},"2":{"start":{"line":5,"column":4},"end":{"line":5,"column":17}},"3":{"start":{"line":7,"column":9},"end":{"line":9,"column":1}},"4":{"start":{"line":8,"column":4},"end":{"line":8,"column":19}},"5":{"start":{"line":10,"column":11},"end":{"line":14,"column":2}},"6":{"start":{"line":11,"column":4},"end":{"line":11,"column":13}},"7":{"start":{"line":13,"column":4},"end":{"line":13,"column":13}},"8":{"start":{"line":15,"column":11},"end":{"line":17,"column":1}},"9":{"start":{"line":16,"column":4},"end":{"line":16,"column":21}},"10":{"start":{"line":18,"column":0},"end":{"line":23,"column":2}}},"fnMap":{"0":{"name":"(anonymous_0)","decl":{"start":{"line":3,"column":17},"end":{"line":3,"column":18}},"loc":{"start":{"line":3,"column":37},"end":{"line":6,"column":1}},"line":3},"1":{"name":"(anonymous_1)","decl":{"start":{"line":7,"column":9},"end":{"line":7,"column":10}},"loc":{"start":{"line":7,"column":25},"end":{"line":9,"column":1}},"line":7},"2":{"name":"(anonymous_2)","decl":{"start":{"line":10,"column":26},"end":{"line":10,"column":27}},"loc":{"start":{"line":10,"column":39},"end":{"line":12,"column":1}},"line":10},"3":{"name":"(anonymous_3)","decl":{"start":{"line":12,"column":3},"end":{"line":12,"column":4}},"loc":{"start":{"line":12,"column":16},"end":{"line":14,"column":1}},"line":12},"4":{"name":"(anonymous_4)","decl":{"start":{"line":15,"column":11},"end":{"line":15,"column":12}},"loc":{"start":{"line":15,"column":27},"end":{"line":17,"column":1}},"line":15}},"branchMap":{},"s":{"0":1,"1":1,"2":1,"3":1,"4":0,"5":1,"6":0,"7":0,"8":1,"9":0,"10":1},"f":{"0":1,"1":0,"2":0,"3":0,"4":0},"b":{},"inputSourceMap":{"mappings":";;AAgBA,iBAAA;;;;AACE,SAAA;WAAA;;AAGF,0BAAA;WAEW;GAFX;WACS;;AAHP,WAAA;WAAA","sources":["../../.spago/type-equality/v3.0.0/src/Type/Equality.purs"],"names":[],"version":3,"file":"index.js"},"_coverageSchema":"1a1c01bbd47fc00a2c39e90264f33305004495a9","hash":"fe8cc1bacc7d249cae7fe63b79919028277fa561","contentHash":"491fbae47c82de33da1e8478b792ec7f68b8d052d29d44af1134267bffc262de"},"/Users/joel/Workspace/purescript-grunt/output/Control.Monad.Trans.Class/index.js":{"path":"/Users/joel/Workspace/purescript-grunt/output/Control.Monad.Trans.Class/index.js","statementMap":{"0":{"start":{"line":3,"column":17},"end":{"line":5,"column":1}},"1":{"start":{"line":4,"column":4},"end":{"line":4,"column":21}},"2":{"start":{"line":6,"column":11},"end":{"line":8,"column":1}},"3":{"start":{"line":7,"column":4},"end":{"line":7,"column":21}},"4":{"start":{"line":9,"column":0},"end":{"line":12,"column":2}}},"fnMap":{"0":{"name":"(anonymous_0)","decl":{"start":{"line":3,"column":17},"end":{"line":3,"column":18}},"loc":{"start":{"line":3,"column":33},"end":{"line":5,"column":1}},"line":3},"1":{"name":"(anonymous_1)","decl":{"start":{"line":6,"column":11},"end":{"line":6,"column":12}},"loc":{"start":{"line":6,"column":27},"end":{"line":8,"column":1}},"line":6}},"branchMap":{},"s":{"0":1,"1":6,"2":1,"3":0,"4":1},"f":{"0":6,"1":0},"b":{},"inputSourceMap":{"mappings":";;AAqBA,iBAAA;;;AACE,WAAA;WAAA","sources":["../../.spago/transformers/v4.2.0/src/Control/Monad/Trans/Class.purs"],"names":[],"version":3,"file":"index.js"},"_coverageSchema":"1a1c01bbd47fc00a2c39e90264f33305004495a9","hash":"1fa6589702d186857daaa447e6d25a2d2ba5784e","contentHash":"df05b758f8756bd368c1cbdd349434e0758e442f82f14bd68068248ebd27f9ee"},"/Users/joel/Workspace/purescript-grunt/output/Effect.Class/index.js":{"path":"/Users/joel/Workspace/purescript-grunt/output/Effect.Class/index.js","statementMap":{"0":{"start":{"line":3,"column":23},"end":{"line":3,"column":62}},"1":{"start":{"line":4,"column":13},"end":{"line":4,"column":42}},"2":{"start":{"line":5,"column":18},"end":{"line":8,"column":1}},"3":{"start":{"line":6,"column":4},"end":{"line":6,"column":25}},"4":{"start":{"line":7,"column":4},"end":{"line":7,"column":33}},"5":{"start":{"line":9,"column":24},"end":{"line":11,"column":58}},"6":{"start":{"line":10,"column":4},"end":{"line":10,"column":30}},"7":{"start":{"line":12,"column":17},"end":{"line":14,"column":1}},"8":{"start":{"line":13,"column":4},"end":{"line":13,"column":27}},"9":{"start":{"line":15,"column":0},"end":{"line":19,"column":2}}},"fnMap":{"0":{"name":"(anonymous_0)","decl":{"start":{"line":5,"column":18},"end":{"line":5,"column":19}},"loc":{"start":{"line":5,"column":48},"end":{"line":8,"column":1}},"line":5},"1":{"name":"(anonymous_1)","decl":{"start":{"line":9,"column":40},"end":{"line":9,"column":41}},"loc":{"start":{"line":9,"column":52},"end":{"line":11,"column":1}},"line":9},"2":{"name":"(anonymous_2)","decl":{"start":{"line":12,"column":17},"end":{"line":12,"column":18}},"loc":{"start":{"line":12,"column":33},"end":{"line":14,"column":1}},"line":12}},"branchMap":{},"s":{"0":1,"1":1,"2":1,"3":2,"4":2,"5":1,"6":0,"7":1,"8":11,"9":1},"f":{"0":2,"1":0,"2":11},"b":{},"inputSourceMap":{"mappings":";;AAAA;AAAA;AAcA,kBAAA;;;;AAGA,wCAAA;;;AAFE,iBAAA;WAAA","sources":["../../.spago/effect/v2.0.1/src/Effect/Class.purs"],"names":[],"version":3,"file":"index.js"},"_coverageSchema":"1a1c01bbd47fc00a2c39e90264f33305004495a9","hash":"39917954daa674cedcd6b152fdb63ce641f5cf21","contentHash":"c32e2ad200582173134a78f852c2804632fc7f1a4808f21c64b4525624aa0838"},"/Users/joel/Workspace/purescript-grunt/output/Control.MonadPlus/index.js":{"path":"/Users/joel/Workspace/purescript-grunt/output/Control.MonadPlus/index.js","statementMap":{"0":{"start":{"line":3,"column":24},"end":{"line":3,"column":64}},"1":{"start":{"line":4,"column":16},"end":{"line":6,"column":1}},"2":{"start":{"line":5,"column":4},"end":{"line":5,"column":33}},"3":{"start":{"line":7,"column":21},"end":{"line":9,"column":2}},"4":{"start":{"line":8,"column":4},"end":{"line":8,"column":44}},"5":{"start":{"line":10,"column":0},"end":{"line":13,"column":2}}},"fnMap":{"0":{"name":"(anonymous_0)","decl":{"start":{"line":4,"column":16},"end":{"line":4,"column":17}},"loc":{"start":{"line":4,"column":38},"end":{"line":6,"column":1}},"line":4},"1":{"name":"(anonymous_1)","decl":{"start":{"line":7,"column":35},"end":{"line":7,"column":36}},"loc":{"start":{"line":7,"column":47},"end":{"line":9,"column":1}},"line":7}},"branchMap":{},"s":{"0":1,"1":1,"2":4,"3":1,"4":0,"5":1},"f":{"0":4,"1":0},"b":{},"inputSourceMap":{"mappings":";;AAAA;AA4BA,gBAAA;;;AAEA,mCAAA","sources":["../../.spago/control/v4.2.0/src/Control/MonadPlus.purs"],"names":[],"version":3,"file":"index.js"},"_coverageSchema":"1a1c01bbd47fc00a2c39e90264f33305004495a9","hash":"ba46382c64237f91d2c3e3feabd28a36271a7cec","contentHash":"a21232f0da0cb696a3d94141f939bcd0a4c94f3fd609f5066443ae4ac81a4e33"},"/Users/joel/Workspace/purescript-grunt/output/Unsafe.Coerce/index.js":{"path":"/Users/joel/Workspace/purescript-grunt/output/Unsafe.Coerce/index.js","statementMap":{"0":{"start":{"line":3,"column":15},"end":{"line":3,"column":38}},"1":{"start":{"line":4,"column":0},"end":{"line":6,"column":2}}},"fnMap":{},"branchMap":{},"s":{"0":1,"1":1},"f":{},"b":{},"inputSourceMap":{"mappings":"","sources":[],"names":[],"version":3,"file":"index.js"},"_coverageSchema":"1a1c01bbd47fc00a2c39e90264f33305004495a9","hash":"ade6480d10dfbc46a92d0eaf67f0d9a641d33494","contentHash":"6233246f84aa32c35d43d0a84a097bd487a7715789e439c96121a39895d6fa24"},"/Users/joel/Workspace/purescript-grunt/output/Effect.Unsafe/index.js":{"path":"/Users/joel/Workspace/purescript-grunt/output/Effect.Unsafe/index.js","statementMap":{"0":{"start":{"line":3,"column":15},"end":{"line":3,"column":38}},"1":{"start":{"line":4,"column":0},"end":{"line":6,"column":2}}},"fnMap":{},"branchMap":{},"s":{"0":1,"1":1},"f":{},"b":{},"inputSourceMap":{"mappings":"","sources":[],"names":[],"version":3,"file":"index.js"},"_coverageSchema":"1a1c01bbd47fc00a2c39e90264f33305004495a9","hash":"3d2a259693f6cfdb95cd1a5a557769b7087302a5","contentHash":"faf7529ce499d99cf3498fecf11f87f251ec7d392404d1b1a03ccc1f8cdbbf05"},"/Users/joel/Workspace/purescript-grunt/output/Partial.Unsafe/index.js":{"path":"/Users/joel/Workspace/purescript-grunt/output/Partial.Unsafe/index.js","statementMap":{"0":{"start":{"line":3,"column":15},"end":{"line":3,"column":38}},"1":{"start":{"line":4,"column":14},"end":{"line":4,"column":44}},"2":{"start":{"line":5,"column":27},"end":{"line":11,"column":1}},"3":{"start":{"line":6,"column":4},"end":{"line":10,"column":6}},"4":{"start":{"line":7,"column":8},"end":{"line":9,"column":11}},"5":{"start":{"line":8,"column":12},"end":{"line":8,"column":23}},"6":{"start":{"line":12,"column":22},"end":{"line":16,"column":1}},"7":{"start":{"line":13,"column":4},"end":{"line":15,"column":7}},"8":{"start":{"line":14,"column":8},"end":{"line":14,"column":40}},"9":{"start":{"line":17,"column":0},"end":{"line":21,"column":2}}},"fnMap":{"0":{"name":"(anonymous_0)","decl":{"start":{"line":5,"column":27},"end":{"line":5,"column":28}},"loc":{"start":{"line":5,"column":40},"end":{"line":11,"column":1}},"line":5},"1":{"name":"(anonymous_1)","decl":{"start":{"line":6,"column":11},"end":{"line":6,"column":12}},"loc":{"start":{"line":6,"column":24},"end":{"line":10,"column":5}},"line":6},"2":{"name":"(anonymous_2)","decl":{"start":{"line":7,"column":38},"end":{"line":7,"column":39}},"loc":{"start":{"line":7,"column":61},"end":{"line":9,"column":9}},"line":7},"3":{"name":"(anonymous_3)","decl":{"start":{"line":12,"column":22},"end":{"line":12,"column":23}},"loc":{"start":{"line":12,"column":37},"end":{"line":16,"column":1}},"line":12},"4":{"name":"(anonymous_4)","decl":{"start":{"line":13,"column":34},"end":{"line":13,"column":35}},"loc":{"start":{"line":13,"column":57},"end":{"line":15,"column":5}},"line":13}},"branchMap":{},"s":{"0":1,"1":1,"2":1,"3":0,"4":0,"5":0,"6":1,"7":0,"8":0,"9":1},"f":{"0":0,"1":0,"2":0,"3":0,"4":0},"b":{},"inputSourceMap":{"mappings":";;;AAEA;AAYA,2BAAA;WAAA;sCAC2B;mBAAc;;;;AAGzC,sBAAA;kCACsB;mCAAyB","sources":["../../.spago/partial/v2.0.1/src/Partial/Unsafe.purs"],"names":[],"version":3,"file":"index.js"},"_coverageSchema":"1a1c01bbd47fc00a2c39e90264f33305004495a9","hash":"f2e1a8bd0622d500bbff0479d0b93ac11bb3044c","contentHash":"a5d92fd3f7449f80190857f53182ac30c063d7e147bf131ca0ecb4d2887707c4"},"/Users/joel/Workspace/purescript-grunt/output/Partial/index.js":{"path":"/Users/joel/Workspace/purescript-grunt/output/Partial/index.js","statementMap":{"0":{"start":{"line":3,"column":15},"end":{"line":3,"column":38}},"1":{"start":{"line":4,"column":12},"end":{"line":6,"column":1}},"2":{"start":{"line":5,"column":4},"end":{"line":5,"column":67}},"3":{"start":{"line":7,"column":0},"end":{"line":10,"column":2}}},"fnMap":{"0":{"name":"(anonymous_0)","decl":{"start":{"line":4,"column":12},"end":{"line":4,"column":13}},"loc":{"start":{"line":4,"column":35},"end":{"line":6,"column":1}},"line":4}},"branchMap":{},"s":{"0":1,"1":1,"2":0,"3":1},"f":{"0":0},"b":{},"inputSourceMap":{"mappings":";;;AAOA,YAAA;gCACkB","sources":["../../.spago/partial/v2.0.1/src/Partial.purs"],"names":[],"version":3,"file":"index.js"},"_coverageSchema":"1a1c01bbd47fc00a2c39e90264f33305004495a9","hash":"824c48285bdbc288a1aa586565695a6de2f4da32","contentHash":"1bf8814e36543af9914cd4c162d089a6e3c2e7b638252724c46f8ddeef8a65af"},"/Users/joel/Workspace/purescript-grunt/output/Node.Encoding/index.js":{"path":"/Users/joel/Workspace/purescript-grunt/output/Node.Encoding/index.js","statementMap":{"0":{"start":{"line":3,"column":15},"end":{"line":3,"column":38}},"1":{"start":{"line":4,"column":16},"end":{"line":4,"column":48}},"2":{"start":{"line":5,"column":12},"end":{"line":11,"column":4}},"3":{"start":{"line":9,"column":4},"end":{"line":9,"column":30}},"4":{"start":{"line":10,"column":4},"end":{"line":10,"column":17}},"5":{"start":{"line":12,"column":11},"end":{"line":18,"column":4}},"6":{"start":{"line":16,"column":4},"end":{"line":16,"column":28}},"7":{"start":{"line":17,"column":4},"end":{"line":17,"column":16}},"8":{"start":{"line":19,"column":14},"end":{"line":25,"column":4}},"9":{"start":{"line":23,"column":4},"end":{"line":23,"column":34}},"10":{"start":{"line":24,"column":4},"end":{"line":24,"column":19}},"11":{"start":{"line":26,"column":11},"end":{"line":32,"column":4}},"12":{"start":{"line":30,"column":4},"end":{"line":30,"column":28}},"13":{"start":{"line":31,"column":4},"end":{"line":31,"column":16}},"14":{"start":{"line":33,"column":13},"end":{"line":39,"column":4}},"15":{"start":{"line":37,"column":4},"end":{"line":37,"column":32}},"16":{"start":{"line":38,"column":4},"end":{"line":38,"column":18}},"17":{"start":{"line":40,"column":13},"end":{"line":46,"column":4}},"18":{"start":{"line":44,"column":4},"end":{"line":44,"column":32}},"19":{"start":{"line":45,"column":4},"end":{"line":45,"column":18}},"20":{"start":{"line":47,"column":13},"end":{"line":53,"column":4}},"21":{"start":{"line":51,"column":4},"end":{"line":51,"column":32}},"22":{"start":{"line":52,"column":4},"end":{"line":52,"column":18}},"23":{"start":{"line":54,"column":10},"end":{"line":60,"column":4}},"24":{"start":{"line":58,"column":4},"end":{"line":58,"column":26}},"25":{"start":{"line":59,"column":4},"end":{"line":59,"column":15}},"26":{"start":{"line":61,"column":19},"end":{"line":87,"column":2}},"27":{"start":{"line":62,"column":4},"end":{"line":64,"column":5}},"28":{"start":{"line":63,"column":8},"end":{"line":63,"column":23}},"29":{"start":{"line":65,"column":4},"end":{"line":67,"column":5}},"30":{"start":{"line":66,"column":8},"end":{"line":66,"column":22}},"31":{"start":{"line":68,"column":4},"end":{"line":70,"column":5}},"32":{"start":{"line":69,"column":8},"end":{"line":69,"column":25}},"33":{"start":{"line":71,"column":4},"end":{"line":73,"column":5}},"34":{"start":{"line":72,"column":8},"end":{"line":72,"column":22}},"35":{"start":{"line":74,"column":4},"end":{"line":76,"column":5}},"36":{"start":{"line":75,"column":8},"end":{"line":75,"column":24}},"37":{"start":{"line":77,"column":4},"end":{"line":79,"column":5}},"38":{"start":{"line":78,"column":8},"end":{"line":78,"column":24}},"39":{"start":{"line":80,"column":4},"end":{"line":82,"column":5}},"40":{"start":{"line":81,"column":8},"end":{"line":81,"column":24}},"41":{"start":{"line":83,"column":4},"end":{"line":85,"column":5}},"42":{"start":{"line":84,"column":8},"end":{"line":84,"column":21}},"43":{"start":{"line":86,"column":4},"end":{"line":86,"column":129}},"44":{"start":{"line":88,"column":21},"end":{"line":114,"column":1}},"45":{"start":{"line":89,"column":4},"end":{"line":91,"column":5}},"46":{"start":{"line":90,"column":8},"end":{"line":90,"column":23}},"47":{"start":{"line":92,"column":4},"end":{"line":94,"column":5}},"48":{"start":{"line":93,"column":8},"end":{"line":93,"column":22}},"49":{"start":{"line":95,"column":4},"end":{"line":97,"column":5}},"50":{"start":{"line":96,"column":8},"end":{"line":96,"column":25}},"51":{"start":{"line":98,"column":4},"end":{"line":100,"column":5}},"52":{"start":{"line":99,"column":8},"end":{"line":99,"column":22}},"53":{"start":{"line":101,"column":4},"end":{"line":103,"column":5}},"54":{"start":{"line":102,"column":8},"end":{"line":102,"column":24}},"55":{"start":{"line":104,"column":4},"end":{"line":106,"column":5}},"56":{"start":{"line":105,"column":8},"end":{"line":105,"column":24}},"57":{"start":{"line":107,"column":4},"end":{"line":109,"column":5}},"58":{"start":{"line":108,"column":8},"end":{"line":108,"column":24}},"59":{"start":{"line":110,"column":4},"end":{"line":112,"column":5}},"60":{"start":{"line":111,"column":8},"end":{"line":111,"column":21}},"61":{"start":{"line":113,"column":4},"end":{"line":113,"column":129}},"62":{"start":{"line":115,"column":17},"end":{"line":119,"column":1}},"63":{"start":{"line":116,"column":4},"end":{"line":118,"column":6}},"64":{"start":{"line":117,"column":8},"end":{"line":117,"column":65}},"65":{"start":{"line":120,"column":0},"end":{"line":132,"column":2}}},"fnMap":{"0":{"name":"(anonymous_0)","decl":{"start":{"line":5,"column":13},"end":{"line":5,"column":14}},"loc":{"start":{"line":5,"column":25},"end":{"line":11,"column":1}},"line":5},"1":{"name":"ASCII","decl":{"start":{"line":6,"column":13},"end":{"line":6,"column":18}},"loc":{"start":{"line":6,"column":21},"end":{"line":8,"column":5}},"line":6},"2":{"name":"(anonymous_2)","decl":{"start":{"line":12,"column":12},"end":{"line":12,"column":13}},"loc":{"start":{"line":12,"column":24},"end":{"line":18,"column":1}},"line":12},"3":{"name":"UTF8","decl":{"start":{"line":13,"column":13},"end":{"line":13,"column":17}},"loc":{"start":{"line":13,"column":20},"end":{"line":15,"column":5}},"line":13},"4":{"name":"(anonymous_4)","decl":{"start":{"line":19,"column":15},"end":{"line":19,"column":16}},"loc":{"start":{"line":19,"column":27},"end":{"line":25,"column":1}},"line":19},"5":{"name":"UTF16LE","decl":{"start":{"line":20,"column":13},"end":{"line":20,"column":20}},"loc":{"start":{"line":20,"column":23},"end":{"line":22,"column":5}},"line":20},"6":{"name":"(anonymous_6)","decl":{"start":{"line":26,"column":12},"end":{"line":26,"column":13}},"loc":{"start":{"line":26,"column":24},"end":{"line":32,"column":1}},"line":26},"7":{"name":"UCS2","decl":{"start":{"line":27,"column":13},"end":{"line":27,"column":17}},"loc":{"start":{"line":27,"column":20},"end":{"line":29,"column":5}},"line":27},"8":{"name":"(anonymous_8)","decl":{"start":{"line":33,"column":14},"end":{"line":33,"column":15}},"loc":{"start":{"line":33,"column":26},"end":{"line":39,"column":1}},"line":33},"9":{"name":"Base64","decl":{"start":{"line":34,"column":13},"end":{"line":34,"column":19}},"loc":{"start":{"line":34,"column":22},"end":{"line":36,"column":5}},"line":34},"10":{"name":"(anonymous_10)","decl":{"start":{"line":40,"column":14},"end":{"line":40,"column":15}},"loc":{"start":{"line":40,"column":26},"end":{"line":46,"column":1}},"line":40},"11":{"name":"Latin1","decl":{"start":{"line":41,"column":13},"end":{"line":41,"column":19}},"loc":{"start":{"line":41,"column":22},"end":{"line":43,"column":5}},"line":41},"12":{"name":"(anonymous_12)","decl":{"start":{"line":47,"column":14},"end":{"line":47,"column":15}},"loc":{"start":{"line":47,"column":26},"end":{"line":53,"column":1}},"line":47},"13":{"name":"Binary","decl":{"start":{"line":48,"column":13},"end":{"line":48,"column":19}},"loc":{"start":{"line":48,"column":22},"end":{"line":50,"column":5}},"line":48},"14":{"name":"(anonymous_14)","decl":{"start":{"line":54,"column":11},"end":{"line":54,"column":12}},"loc":{"start":{"line":54,"column":23},"end":{"line":60,"column":1}},"line":54},"15":{"name":"Hex","decl":{"start":{"line":55,"column":13},"end":{"line":55,"column":16}},"loc":{"start":{"line":55,"column":19},"end":{"line":57,"column":5}},"line":55},"16":{"name":"(anonymous_16)","decl":{"start":{"line":61,"column":38},"end":{"line":61,"column":39}},"loc":{"start":{"line":61,"column":51},"end":{"line":87,"column":1}},"line":61},"17":{"name":"(anonymous_17)","decl":{"start":{"line":88,"column":21},"end":{"line":88,"column":22}},"loc":{"start":{"line":88,"column":34},"end":{"line":114,"column":1}},"line":88},"18":{"name":"(anonymous_18)","decl":{"start":{"line":115,"column":17},"end":{"line":115,"column":18}},"loc":{"start":{"line":115,"column":32},"end":{"line":119,"column":1}},"line":115},"19":{"name":"(anonymous_19)","decl":{"start":{"line":116,"column":11},"end":{"line":116,"column":12}},"loc":{"start":{"line":116,"column":26},"end":{"line":118,"column":5}},"line":116}},"branchMap":{"0":{"loc":{"start":{"line":62,"column":4},"end":{"line":64,"column":5}},"type":"if","locations":[{"start":{"line":62,"column":4},"end":{"line":64,"column":5}},{"start":{"line":62,"column":4},"end":{"line":64,"column":5}}],"line":62},"1":{"loc":{"start":{"line":65,"column":4},"end":{"line":67,"column":5}},"type":"if","locations":[{"start":{"line":65,"column":4},"end":{"line":67,"column":5}},{"start":{"line":65,"column":4},"end":{"line":67,"column":5}}],"line":65},"2":{"loc":{"start":{"line":68,"column":4},"end":{"line":70,"column":5}},"type":"if","locations":[{"start":{"line":68,"column":4},"end":{"line":70,"column":5}},{"start":{"line":68,"column":4},"end":{"line":70,"column":5}}],"line":68},"3":{"loc":{"start":{"line":71,"column":4},"end":{"line":73,"column":5}},"type":"if","locations":[{"start":{"line":71,"column":4},"end":{"line":73,"column":5}},{"start":{"line":71,"column":4},"end":{"line":73,"column":5}}],"line":71},"4":{"loc":{"start":{"line":74,"column":4},"end":{"line":76,"column":5}},"type":"if","locations":[{"start":{"line":74,"column":4},"end":{"line":76,"column":5}},{"start":{"line":74,"column":4},"end":{"line":76,"column":5}}],"line":74},"5":{"loc":{"start":{"line":77,"column":4},"end":{"line":79,"column":5}},"type":"if","locations":[{"start":{"line":77,"column":4},"end":{"line":79,"column":5}},{"start":{"line":77,"column":4},"end":{"line":79,"column":5}}],"line":77},"6":{"loc":{"start":{"line":80,"column":4},"end":{"line":82,"column":5}},"type":"if","locations":[{"start":{"line":80,"column":4},"end":{"line":82,"column":5}},{"start":{"line":80,"column":4},"end":{"line":82,"column":5}}],"line":80},"7":{"loc":{"start":{"line":83,"column":4},"end":{"line":85,"column":5}},"type":"if","locations":[{"start":{"line":83,"column":4},"end":{"line":85,"column":5}},{"start":{"line":83,"column":4},"end":{"line":85,"column":5}}],"line":83},"8":{"loc":{"start":{"line":89,"column":4},"end":{"line":91,"column":5}},"type":"if","locations":[{"start":{"line":89,"column":4},"end":{"line":91,"column":5}},{"start":{"line":89,"column":4},"end":{"line":91,"column":5}}],"line":89},"9":{"loc":{"start":{"line":92,"column":4},"end":{"line":94,"column":5}},"type":"if","locations":[{"start":{"line":92,"column":4},"end":{"line":94,"column":5}},{"start":{"line":92,"column":4},"end":{"line":94,"column":5}}],"line":92},"10":{"loc":{"start":{"line":95,"column":4},"end":{"line":97,"column":5}},"type":"if","locations":[{"start":{"line":95,"column":4},"end":{"line":97,"column":5}},{"start":{"line":95,"column":4},"end":{"line":97,"column":5}}],"line":95},"11":{"loc":{"start":{"line":98,"column":4},"end":{"line":100,"column":5}},"type":"if","locations":[{"start":{"line":98,"column":4},"end":{"line":100,"column":5}},{"start":{"line":98,"column":4},"end":{"line":100,"column":5}}],"line":98},"12":{"loc":{"start":{"line":101,"column":4},"end":{"line":103,"column":5}},"type":"if","locations":[{"start":{"line":101,"column":4},"end":{"line":103,"column":5}},{"start":{"line":101,"column":4},"end":{"line":103,"column":5}}],"line":101},"13":{"loc":{"start":{"line":104,"column":4},"end":{"line":106,"column":5}},"type":"if","locations":[{"start":{"line":104,"column":4},"end":{"line":106,"column":5}},{"start":{"line":104,"column":4},"end":{"line":106,"column":5}}],"line":104},"14":{"loc":{"start":{"line":107,"column":4},"end":{"line":109,"column":5}},"type":"if","locations":[{"start":{"line":107,"column":4},"end":{"line":109,"column":5}},{"start":{"line":107,"column":4},"end":{"line":109,"column":5}}],"line":107},"15":{"loc":{"start":{"line":110,"column":4},"end":{"line":112,"column":5}},"type":"if","locations":[{"start":{"line":110,"column":4},"end":{"line":112,"column":5}},{"start":{"line":110,"column":4},"end":{"line":112,"column":5}}],"line":110}},"s":{"0":1,"1":1,"2":1,"3":1,"4":1,"5":1,"6":1,"7":1,"8":1,"9":1,"10":1,"11":1,"12":1,"13":1,"14":1,"15":1,"16":1,"17":1,"18":1,"19":1,"20":1,"21":1,"22":1,"23":1,"24":1,"25":1,"26":1,"27":1,"28":0,"29":1,"30":1,"31":0,"32":0,"33":0,"34":0,"35":0,"36":0,"37":0,"38":0,"39":0,"40":0,"41":0,"42":0,"43":0,"44":1,"45":0,"46":0,"47":0,"48":0,"49":0,"50":0,"51":0,"52":0,"53":0,"54":0,"55":0,"56":0,"57":0,"58":0,"59":0,"60":0,"61":0,"62":1,"63":0,"64":0,"65":1},"f":{"0":1,"1":1,"2":1,"3":1,"4":1,"5":1,"6":1,"7":1,"8":1,"9":1,"10":1,"11":1,"12":1,"13":1,"14":1,"15":1,"16":1,"17":0,"18":0,"19":0},"b":{"0":[0,1],"1":[1,0],"2":[0,0],"3":[0,0],"4":[0,0],"5":[0,0],"6":[0,0],"7":[0,0],"8":[0,0],"9":[0,0],"10":[0,0],"11":[0,0],"12":[0,0],"13":[0,0],"14":[0,0],"15":[0,0]},"inputSourceMap":{"mappings":";;;AAAA;AAQA;;;;;;;AAAA;;;;;;;AAAA;;;;;;;AAAA;;;;;;;AAAA;;;;;;;AAAA;;;;;;;AAAA;;;;;;;AAAA;;;;;;;AAUA,sCAAA;IACO,IAAL;eAAe;;IACV,IADL;eACe;;IACV,IAFL;eAEe;;IACV,IAHL;eAGe;;IACV,IAJL;eAIe;;IACV,IALL;eAKe;;IACV,IANL;eAMe;;IACV,IAPL;eAOe;;2GAPf;;AAWF,qBAAA;IACe,IAAf;eAAyB;;IACV,IADf;eACyB;;IACV,IAFf;eAEyB;;IACV,IAHf;eAGyB;;IACV,IAJf;eAIyB;;IACV,IALf;eAKyB;;IACV,IANf;eAMyB;;IACV,IAPf;eAOyB;;2GAPzB;;AAWA,iBAAA;WAAA;uCACoC,KAAK,eAAe","sources":["../../.spago/node-buffer/v6.0.0/src/Node/Encoding.purs"],"names":[],"version":3,"file":"index.js"},"_coverageSchema":"1a1c01bbd47fc00a2c39e90264f33305004495a9","hash":"9eea346c6b5d34376e130e7e8ec68f91fc0232e5","contentHash":"ac9fcb0099e61345fbb11f344fd48738691b01e1fa3423b24cd76bd40a0dc656"},"/Users/joel/Workspace/purescript-grunt/output/Node.FS.Aff/index.js":{"path":"/Users/joel/Workspace/purescript-grunt/output/Node.FS.Aff/index.js","statementMap":{"0":{"start":{"line":3,"column":26},"end":{"line":3,"column":68}},"1":{"start":{"line":4,"column":18},"end":{"line":4,"column":52}},"2":{"start":{"line":5,"column":19},"end":{"line":5,"column":54}},"3":{"start":{"line":6,"column":13},"end":{"line":6,"column":42}},"4":{"start":{"line":7,"column":17},"end":{"line":7,"column":50}},"5":{"start":{"line":8,"column":20},"end":{"line":8,"column":56}},"6":{"start":{"line":9,"column":12},"end":{"line":13,"column":1}},"7":{"start":{"line":10,"column":4},"end":{"line":12,"column":7}},"8":{"start":{"line":11,"column":8},"end":{"line":11,"column":89}},"9":{"start":{"line":14,"column":13},"end":{"line":18,"column":1}},"10":{"start":{"line":15,"column":4},"end":{"line":17,"column":6}},"11":{"start":{"line":16,"column":8},"end":{"line":16,"column":27}},"12":{"start":{"line":19,"column":13},"end":{"line":19,"column":41}},"13":{"start":{"line":20,"column":13},"end":{"line":26,"column":1}},"14":{"start":{"line":21,"column":4},"end":{"line":25,"column":6}},"15":{"start":{"line":22,"column":8},"end":{"line":24,"column":10}},"16":{"start":{"line":23,"column":12},"end":{"line":23,"column":34}},"17":{"start":{"line":27,"column":15},"end":{"line":27,"column":45}},"18":{"start":{"line":28,"column":16},"end":{"line":28,"column":47}},"19":{"start":{"line":29,"column":13},"end":{"line":37,"column":1}},"20":{"start":{"line":30,"column":4},"end":{"line":36,"column":6}},"21":{"start":{"line":31,"column":8},"end":{"line":35,"column":10}},"22":{"start":{"line":32,"column":12},"end":{"line":34,"column":14}},"23":{"start":{"line":33,"column":16},"end":{"line":33,"column":41}},"24":{"start":{"line":38,"column":13},"end":{"line":38,"column":41}},"25":{"start":{"line":39,"column":20},"end":{"line":39,"column":55}},"26":{"start":{"line":40,"column":13},"end":{"line":52,"column":1}},"27":{"start":{"line":41,"column":4},"end":{"line":51,"column":6}},"28":{"start":{"line":42,"column":8},"end":{"line":50,"column":10}},"29":{"start":{"line":43,"column":12},"end":{"line":49,"column":14}},"30":{"start":{"line":44,"column":16},"end":{"line":48,"column":18}},"31":{"start":{"line":45,"column":20},"end":{"line":47,"column":22}},"32":{"start":{"line":46,"column":24},"end":{"line":46,"column":55}},"33":{"start":{"line":53,"column":14},"end":{"line":53,"column":43}},"34":{"start":{"line":54,"column":11},"end":{"line":54,"column":37}},"35":{"start":{"line":55,"column":12},"end":{"line":55,"column":39}},"36":{"start":{"line":56,"column":13},"end":{"line":56,"column":41}},"37":{"start":{"line":57,"column":21},"end":{"line":57,"column":55}},"38":{"start":{"line":58,"column":15},"end":{"line":58,"column":45}},"39":{"start":{"line":59,"column":15},"end":{"line":59,"column":45}},"40":{"start":{"line":60,"column":14},"end":{"line":60,"column":43}},"41":{"start":{"line":61,"column":19},"end":{"line":61,"column":53}},"42":{"start":{"line":62,"column":15},"end":{"line":62,"column":45}},"43":{"start":{"line":63,"column":18},"end":{"line":63,"column":49}},"44":{"start":{"line":64,"column":12},"end":{"line":64,"column":39}},"45":{"start":{"line":65,"column":11},"end":{"line":65,"column":37}},"46":{"start":{"line":66,"column":14},"end":{"line":66,"column":43}},"47":{"start":{"line":67,"column":13},"end":{"line":67,"column":41}},"48":{"start":{"line":68,"column":13},"end":{"line":68,"column":41}},"49":{"start":{"line":69,"column":13},"end":{"line":69,"column":41}},"50":{"start":{"line":70,"column":14},"end":{"line":70,"column":43}},"51":{"start":{"line":71,"column":15},"end":{"line":71,"column":45}},"52":{"start":{"line":72,"column":13},"end":{"line":81,"column":1}},"53":{"start":{"line":73,"column":4},"end":{"line":80,"column":7}},"54":{"start":{"line":74,"column":8},"end":{"line":79,"column":39}},"55":{"start":{"line":75,"column":21},"end":{"line":75,"column":76}},"56":{"start":{"line":76,"column":12},"end":{"line":78,"column":14}},"57":{"start":{"line":77,"column":16},"end":{"line":77,"column":33}},"58":{"start":{"line":82,"column":12},"end":{"line":82,"column":39}},"59":{"start":{"line":83,"column":12},"end":{"line":83,"column":39}},"60":{"start":{"line":84,"column":21},"end":{"line":84,"column":57}},"61":{"start":{"line":85,"column":17},"end":{"line":85,"column":49}},"62":{"start":{"line":86,"column":0},"end":{"line":116,"column":2}}},"fnMap":{"0":{"name":"(anonymous_0)","decl":{"start":{"line":9,"column":12},"end":{"line":9,"column":13}},"loc":{"start":{"line":9,"column":25},"end":{"line":13,"column":1}},"line":9},"1":{"name":"(anonymous_1)","decl":{"start":{"line":10,"column":30},"end":{"line":10,"column":31}},"loc":{"start":{"line":10,"column":43},"end":{"line":12,"column":5}},"line":10},"2":{"name":"(anonymous_2)","decl":{"start":{"line":14,"column":13},"end":{"line":14,"column":14}},"loc":{"start":{"line":14,"column":26},"end":{"line":18,"column":1}},"line":14},"3":{"name":"(anonymous_3)","decl":{"start":{"line":15,"column":11},"end":{"line":15,"column":12}},"loc":{"start":{"line":15,"column":24},"end":{"line":17,"column":5}},"line":15},"4":{"name":"(anonymous_4)","decl":{"start":{"line":20,"column":13},"end":{"line":20,"column":14}},"loc":{"start":{"line":20,"column":26},"end":{"line":26,"column":1}},"line":20},"5":{"name":"(anonymous_5)","decl":{"start":{"line":21,"column":11},"end":{"line":21,"column":12}},"loc":{"start":{"line":21,"column":24},"end":{"line":25,"column":5}},"line":21},"6":{"name":"(anonymous_6)","decl":{"start":{"line":22,"column":15},"end":{"line":22,"column":16}},"loc":{"start":{"line":22,"column":28},"end":{"line":24,"column":9}},"line":22},"7":{"name":"(anonymous_7)","decl":{"start":{"line":29,"column":13},"end":{"line":29,"column":14}},"loc":{"start":{"line":29,"column":26},"end":{"line":37,"column":1}},"line":29},"8":{"name":"(anonymous_8)","decl":{"start":{"line":30,"column":11},"end":{"line":30,"column":12}},"loc":{"start":{"line":30,"column":24},"end":{"line":36,"column":5}},"line":30},"9":{"name":"(anonymous_9)","decl":{"start":{"line":31,"column":15},"end":{"line":31,"column":16}},"loc":{"start":{"line":31,"column":28},"end":{"line":35,"column":9}},"line":31},"10":{"name":"(anonymous_10)","decl":{"start":{"line":32,"column":19},"end":{"line":32,"column":20}},"loc":{"start":{"line":32,"column":32},"end":{"line":34,"column":13}},"line":32},"11":{"name":"(anonymous_11)","decl":{"start":{"line":40,"column":13},"end":{"line":40,"column":14}},"loc":{"start":{"line":40,"column":26},"end":{"line":52,"column":1}},"line":40},"12":{"name":"(anonymous_12)","decl":{"start":{"line":41,"column":11},"end":{"line":41,"column":12}},"loc":{"start":{"line":41,"column":24},"end":{"line":51,"column":5}},"line":41},"13":{"name":"(anonymous_13)","decl":{"start":{"line":42,"column":15},"end":{"line":42,"column":16}},"loc":{"start":{"line":42,"column":28},"end":{"line":50,"column":9}},"line":42},"14":{"name":"(anonymous_14)","decl":{"start":{"line":43,"column":19},"end":{"line":43,"column":20}},"loc":{"start":{"line":43,"column":32},"end":{"line":49,"column":13}},"line":43},"15":{"name":"(anonymous_15)","decl":{"start":{"line":44,"column":23},"end":{"line":44,"column":24}},"loc":{"start":{"line":44,"column":36},"end":{"line":48,"column":17}},"line":44},"16":{"name":"(anonymous_16)","decl":{"start":{"line":45,"column":27},"end":{"line":45,"column":28}},"loc":{"start":{"line":45,"column":40},"end":{"line":47,"column":21}},"line":45},"17":{"name":"(anonymous_17)","decl":{"start":{"line":72,"column":13},"end":{"line":72,"column":14}},"loc":{"start":{"line":72,"column":29},"end":{"line":81,"column":1}},"line":72},"18":{"name":"(anonymous_18)","decl":{"start":{"line":73,"column":30},"end":{"line":73,"column":31}},"loc":{"start":{"line":73,"column":43},"end":{"line":80,"column":5}},"line":73},"19":{"name":"(anonymous_19)","decl":{"start":{"line":74,"column":87},"end":{"line":74,"column":88}},"loc":{"start":{"line":74,"column":99},"end":{"line":79,"column":9}},"line":74},"20":{
[...]
ne":64,"column":24},"end":{"line":64,"column":73}},"47":{"start":{"line":67,"column":16},"end":{"line":67,"column":152}},"48":{"start":{"line":70,"column":25},"end":{"line":72,"column":9}},"49":{"start":{"line":71,"column":12},"end":{"line":71,"column":162}},"50":{"start":{"line":73,"column":20},"end":{"line":79,"column":9}},"51":{"start":{"line":74,"column":12},"end":{"line":78,"column":15}},"52":{"start":{"line":75,"column":16},"end":{"line":77,"column":19}},"53":{"start":{"line":76,"column":20},"end":{"line":76,"column":80}},"54":{"start":{"line":80,"column":19},"end":{"line":80,"column":106}},"55":{"start":{"line":81,"column":8},"end":{"line":106,"column":11}},"56":{"start":{"line":82,"column":24},"end":{"line":90,"column":16}},"57":{"start":{"line":83,"column":16},"end":{"line":85,"column":17}},"58":{"start":{"line":84,"column":20},"end":{"line":84,"column":30}},"59":{"start":{"line":86,"column":16},"end":{"line":88,"column":17}},"60":{"start":{"line":87,"column":20},"end":{"line":87,"column":47}},"61":{"start":{"line":89,"column":16},"end":{"line":89,"column":95}},"62":{"start":{"line":91,"column":25},"end":{"line":91,"column":54}},"63":{"start":{"line":92,"column":12},"end":{"line":105,"column":15}},"64":{"start":{"line":93,"column":24},"end":{"line":93,"column":48}},"65":{"start":{"line":94,"column":16},"end":{"line":96,"column":17}},"66":{"start":{"line":95,"column":20},"end":{"line":95,"column":185}},"67":{"start":{"line":97,"column":16},"end":{"line":101,"column":17}},"68":{"start":{"line":98,"column":20},"end":{"line":100,"column":23}},"69":{"start":{"line":99,"column":24},"end":{"line":99,"column":44}},"70":{"start":{"line":102,"column":16},"end":{"line":104,"column":19}},"71":{"start":{"line":103,"column":20},"end":{"line":103,"column":40}},"72":{"start":{"line":109,"column":14},"end":{"line":115,"column":1}},"73":{"start":{"line":110,"column":4},"end":{"line":114,"column":7}},"74":{"start":{"line":111,"column":8},"end":{"line":113,"column":11}},"75":{"start":{"line":112,"column":12},"end":{"line":112,"column":78}},"76":{"start":{"line":116,"column":0},"end":{"line":118,"column":2}}},"fnMap":{"0":{"name":"(anonymous_0)","decl":{"start":{"line":17,"column":13},"end":{"line":17,"column":14}},"loc":{"start":{"line":17,"column":26},"end":{"line":22,"column":1}},"line":17},"1":{"name":"(anonymous_1)","decl":{"start":{"line":23,"column":19},"end":{"line":23,"column":20}},"loc":{"start":{"line":23,"column":34},"end":{"line":25,"column":1}},"line":23},"2":{"name":"(anonymous_2)","decl":{"start":{"line":26,"column":16},"end":{"line":26,"column":17}},"loc":{"start":{"line":26,"column":31},"end":{"line":53,"column":1}},"line":26},"3":{"name":"(anonymous_3)","decl":{"start":{"line":27,"column":23},"end":{"line":27,"column":24}},"loc":{"start":{"line":27,"column":39},"end":{"line":51,"column":5}},"line":27},"4":{"name":"(anonymous_4)","decl":{"start":{"line":28,"column":15},"end":{"line":28,"column":16}},"loc":{"start":{"line":28,"column":28},"end":{"line":50,"column":9}},"line":28},"5":{"name":"(anonymous_5)","decl":{"start":{"line":30,"column":187},"end":{"line":30,"column":188}},"loc":{"start":{"line":30,"column":199},"end":{"line":32,"column":17}},"line":30},"6":{"name":"(anonymous_6)","decl":{"start":{"line":35,"column":98},"end":{"line":35,"column":99}},"loc":{"start":{"line":35,"column":116},"end":{"line":47,"column":17}},"line":35},"7":{"name":"(anonymous_7)","decl":{"start":{"line":36,"column":95},"end":{"line":36,"column":96}},"loc":{"start":{"line":36,"column":107},"end":{"line":44,"column":21}},"line":36},"8":{"name":"(anonymous_8)","decl":{"start":{"line":44,"column":26},"end":{"line":44,"column":27}},"loc":{"start":{"line":44,"column":38},"end":{"line":46,"column":21}},"line":44},"9":{"name":"(anonymous_9)","decl":{"start":{"line":54,"column":18},"end":{"line":54,"column":19}},"loc":{"start":{"line":54,"column":35},"end":{"line":108,"column":1}},"line":54},"10":{"name":"(anonymous_10)","decl":{"start":{"line":55,"column":11},"end":{"line":55,"column":12}},"loc":{"start":{"line":55,"column":30},"end":{"line":107,"column":5}},"line":55},"11":{"name":"(anonymous_11)","decl":{"start":{"line":56,"column":26},"end":{"line":56,"column":27}},"loc":{"start":{"line":56,"column":43},"end":{"line":69,"column":9}},"line":56},"12":{"name":"(anonymous_12)","decl":{"start":{"line":57,"column":19},"end":{"line":57,"column":20}},"loc":{"start":{"line":57,"column":35},"end":{"line":68,"column":13}},"line":57},"13":{"name":"(anonymous_13)","decl":{"start":{"line":63,"column":197},"end":{"line":63,"column":198}},"loc":{"start":{"line":63,"column":209},"end":{"line":65,"column":21}},"line":63},"14":{"name":"(anonymous_14)","decl":{"start":{"line":70,"column":25},"end":{"line":70,"column":26}},"loc":{"start":{"line":70,"column":40},"end":{"line":72,"column":9}},"line":70},"15":{"name":"(anonymous_15)","decl":{"start":{"line":73,"column":20},"end":{"line":73,"column":21}},"loc":{"start":{"line":73,"column":33},"end":{"line":79,"column":9}},"line":73},"16":{"name":"(anonymous_16)","decl":{"start":{"line":74,"column":112},"end":{"line":74,"column":113}},"loc":{"start":{"line":74,"column":124},"end":{"line":78,"column":13}},"line":74},"17":{"name":"(anonymous_17)","decl":{"start":{"line":75,"column":112},"end":{"line":75,"column":113}},"loc":{"start":{"line":75,"column":124},"end":{"line":77,"column":17}},"line":75},"18":{"name":"(anonymous_18)","decl":{"start":{"line":81,"column":86},"end":{"line":81,"column":87}},"loc":{"start":{"line":81,"column":105},"end":{"line":106,"column":9}},"line":81},"19":{"name":"(anonymous_19)","decl":{"start":{"line":82,"column":25},"end":{"line":82,"column":26}},"loc":{"start":{"line":82,"column":37},"end":{"line":90,"column":13}},"line":82},"20":{"name":"(anonymous_20)","decl":{"start":{"line":92,"column":140},"end":{"line":92,"column":141}},"loc":{"start":{"line":92,"column":152},"end":{"line":105,"column":13}},"line":92},"21":{"name":"(anonymous_21)","decl":{"start":{"line":98,"column":181},"end":{"line":98,"column":182}},"loc":{"start":{"line":98,"column":193},"end":{"line":100,"column":21}},"line":98},"22":{"name":"(anonymous_22)","decl":{"start":{"line":102,"column":218},"end":{"line":102,"column":219}},"loc":{"start":{"line":102,"column":230},"end":{"line":104,"column":17}},"line":102},"23":{"name":"(anonymous_23)","decl":{"start":{"line":109,"column":14},"end":{"line":109,"column":15}},"loc":{"start":{"line":109,"column":31},"end":{"line":115,"column":1}},"line":109},"24":{"name":"(anonymous_24)","decl":{"start":{"line":110,"column":67},"end":{"line":110,"column":68}},"loc":{"start":{"line":110,"column":84},"end":{"line":114,"column":5}},"line":110},"25":{"name":"(anonymous_25)","decl":{"start":{"line":111,"column":138},"end":{"line":111,"column":139}},"loc":{"start":{"line":111,"column":150},"end":{"line":113,"column":9}},"line":111}},"branchMap":{"0":{"loc":{"start":{"line":18,"column":4},"end":{"line":20,"column":5}},"type":"if","locations":[{"start":{"line":18,"column":4},"end":{"line":20,"column":5}},{"start":{"line":18,"column":4},"end":{"line":20,"column":5}}],"line":18},"1":{"loc":{"start":{"line":29,"column":12},"end":{"line":33,"column":13}},"type":"if","locations":[{"start":{"line":29,"column":12},"end":{"line":33,"column":13}},{"start":{"line":29,"column":12},"end":{"line":33,"column":13}}],"line":29},"2":{"loc":{"start":{"line":34,"column":12},"end":{"line":48,"column":13}},"type":"if","locations":[{"start":{"line":34,"column":12},"end":{"line":48,"column":13}},{"start":{"line":34,"column":12},"end":{"line":48,"column":13}}],"line":34},"3":{"loc":{"start":{"line":37,"column":24},"end":{"line":39,"column":25}},"type":"if","locations":[{"start":{"line":37,"column":24},"end":{"line":39,"column":25}},{"start":{"line":37,"column":24},"end":{"line":39,"column":25}}],"line":37},"4":{"loc":{"start":{"line":40,"column":24},"end":{"line":42,"column":25}},"type":"if","locations":[{"start":{"line":40,"column":24},"end":{"line":42,"column":25}},{"start":{"line":40,"column":24},"end":{"line":42,"column":25}}],"line":40},"5":{"loc":{"start":{"line":59,"column":16},"end":{"line":61,"column":17}},"type":"if","locations":[{"start":{"line":59,"column":16},"end":{"line":61,"column":17}},{"start":{"line":59,"column":16},"end":{"line":61,"column":17}}],"line":59},"6":{"loc":{"start":{"line":62,"column":16},"end":{"line":66,"column":17}},"type":"if","locations":[{"start":{"line":62,"column":16},"end":{"line":66,"column":17}},{"start":{"line":62,"column":16},"end":{"line":66,"column":17}}],"line":62},"7":{"loc":{"start":{"line":83,"column":16},"end":{"line":85,"column":17}},"type":"if","locations":[{"start":{"line":83,"column":16},"end":{"line":85,"column":17}},{"start":{"line":83,"column":16},"end":{"line":85,"column":17}}],"line":83},"8":{"loc":{"start":{"line":86,"column":16},"end":{"line":88,"column":17}},"type":"if","locations":[{"start":{"line":86,"column":16},"end":{"line":88,"column":17}},{"start":{"line":86,"column":16},"end":{"line":88,"column":17}}],"line":86},"9":{"loc":{"start":{"line":94,"column":16},"end":{"line":96,"column":17}},"type":"if","locations":[{"start":{"line":94,"column":16},"end":{"line":96,"column":17}},{"start":{"line":94,"column":16},"end":{"line":96,"column":17}}],"line":94},"10":{"loc":{"start":{"line":97,"column":16},"end":{"line":101,"column":17}},"type":"if","locations":[{"start":{"line":97,"column":16},"end":{"line":101,"column":17}},{"start":{"line":97,"column":16},"end":{"line":101,"column":17}}],"line":97}},"s":{"0":1,"1":1,"2":1,"3":1,"4":1,"5":1,"6":1,"7":1,"8":1,"9":1,"10":1,"11":1,"12":1,"13":1,"14":1,"15":3,"16":2,"17":1,"18":1,"19":2,"20":1,"21":1,"22":2,"23":2,"24":1,"25":1,"26":1,"27":1,"28":1,"29":1,"30":1,"31":0,"32":0,"33":0,"34":1,"35":0,"36":1,"37":1,"38":1,"39":1,"40":0,"41":0,"42":0,"43":0,"44":0,"45":0,"46":0,"47":0,"48":1,"49":0,"50":1,"51":0,"52":0,"53":0,"54":1,"55":1,"56":1,"57":1,"58":1,"59":0,"60":0,"61":0,"62":1,"63":1,"64":1,"65":1,"66":1,"67":0,"68":0,"69":0,"70":0,"71":0,"72":1,"73":1,"74":1,"75":1,"76":1},"f":{"0":3,"1":2,"2":1,"3":2,"4":2,"5":1,"6":1,"7":1,"8":1,"9":1,"10":1,"11":0,"12":0,"13":0,"14":0,"15":0,"16":0,"17":0,"18":1,"19":1,"20":1,"21":0,"22":0,"23":1,"24":1,"25":1},"b":{"0":[2,1],"1":[1,1],"2":[1,0],"3":[1,0],"4":[0,0],"5":[0,0],"6":[0,0],"7":[1,0],"8":[0,0],"9":[1,0],"10":[0,0]},"inputSourceMap":{"mappings":";;AAAA;AAAA;AAAA;AAAA;AAAA;AAAA;AAAA;AAAA;AAAA;AAAA;AAAA;AAAA;AAAA;AAAA;AAgBA,aAAA;IACO,IAAP;;;IACO,OAAI,OAAQ,OADnB,IAC+B,IAAJ;;AAE3B,mBACU,eAAA;WAAW,wBAAX;;AAEV,gBAAA;IAGI,mBAAA;eAAA;YAAa,IAAb;gBAAwB,2HAChB,aADR,SACwB,cADxB,YACE;;;;YAEW,IAHb;gBAG0B,gEAH1B,kBAIE;;wBAEG,IADE;4BACI,wDAAY,aANvB,SAMuC,oBANvC;;wBAOK,IAFE;4BAEG,wDACE,aARZ,SAQ4B,qBAR5B,mBAS4B,uCAJrB;;yIAAA;0BAAL;;;;;6HALF,uBAAA;;;+BAFsB,cAAa;;AAcvC,kBAAA;WAAA;QAsBQ,kBAAA;mBAAA;gBAtBR,yBAsB6C;gBACnC,IAvBV;;;gBAwBU,IAxBV;oBAwBe,2HACG,OAAO,UAAS,WAzBlC,gBAyBqD,UAAzC;+BACA,YAAa,QAAQ,IAAR,GA1BzB;;;kIAAA;;;QA2BQ,iBAAA;oEAAuB,0DAAgC,6BAAY;;QATnE,YAAA;YAAO,0EACL,YAAY,GADd,WACE;0FACA,WAFF,WAEE;4EACI;;;;QAJN,4FAAiB;8EAfG,QAA1B;YAEI;gBACI,IADS;2BACJ;;gBACL,IAFS;2BAEJ;;gBACL,OAAK,0CAHI,WAGc;;YAJ3B,kCAAoB;uIAKpB,KAAJ;gBARF,yBASc;gBACV,IAVJ;4EAUe,6DAAuB,aAAY,mBAAmB,QAAS;;gBAC1E,IAXJ;+IAYY,mBAAmB,QAAS,WAAlC;+BACA,KAAK;;;gBACP,6JAdJ,MAesB,mBAAmB,QAAS,YAA5C;2BACA,KAAK;;;;;;AAaX,cAAA;iDAEW,UAAU,QAAnB;kFACA,YAAY,mCAAyB,SAArC;uEACK","sources":["../../.spago/test-unit/v15.0.0/src/Test/Unit/Output/Simple.purs"],"names":[],"version":3,"file":"index.js"},"_coverageSchema":"1a1c01bbd47fc00a2c39e90264f33305004495a9","hash":"e04e34c898936521462e6129a30b9a04a1ad8acd","contentHash":"135affb436941ee32ac23ae551da48c4eb688cc8291fe9a14094fa3cc42a56c0"},"/Users/joel/Workspace/purescript-grunt/output/Test.Unit.Output.TAP/index.js":{"path":"/Users/joel/Workspace/purescript-grunt/output/Test.Unit.Output.TAP/index.js","statementMap":{"0":{"start":{"line":3,"column":15},"end":{"line":3,"column":38}},"1":{"start":{"line":4,"column":26},"end":{"line":4,"column":68}},"2":{"start":{"line":5,"column":19},"end":{"line":5,"column":54}},"3":{"start":{"line":6,"column":18},"end":{"line":6,"column":52}},"4":{"start":{"line":7,"column":20},"end":{"line":7,"column":56}},"5":{"start":{"line":8,"column":19},"end":{"line":8,"column":54}},"6":{"start":{"line":9,"column":16},"end":{"line":9,"column":48}},"7":{"start":{"line":10,"column":22},"end":{"line":10,"column":60}},"8":{"start":{"line":11,"column":17},"end":{"line":11,"column":50}},"9":{"start":{"line":12,"column":21},"end":{"line":12,"column":58}},"10":{"start":{"line":13,"column":16},"end":{"line":13,"column":48}},"11":{"start":{"line":14,"column":25},"end":{"line":14,"column":66}},"12":{"start":{"line":15,"column":17},"end":{"line":15,"column":50}},"13":{"start":{"line":16,"column":22},"end":{"line":16,"column":60}},"14":{"start":{"line":17,"column":16},"end":{"line":17,"column":48}},"15":{"start":{"line":18,"column":17},"end":{"line":18,"column":50}},"16":{"start":{"line":19,"column":23},"end":{"line":19,"column":62}},"17":{"start":{"line":20,"column":16},"end":{"line":20,"column":48}},"18":{"start":{"line":21,"column":24},"end":{"line":21,"column":64}},"19":{"start":{"line":22,"column":17},"end":{"line":33,"column":1}},"20":{"start":{"line":23,"column":12},"end":{"line":23,"column":39}},"21":{"start":{"line":24,"column":4},"end":{"line":26,"column":5}},"22":{"start":{"line":25,"column":8},"end":{"line":25,"column":83}},"23":{"start":{"line":27,"column":4},"end":{"line":31,"column":5}},"24":{"start":{"line":28,"column":8},"end":{"line":30,"column":11}},"25":{"start":{"line":29,"column":12},"end":{"line":29,"column":257}},"26":{"start":{"line":32,"column":4},"end":{"line":32,"column":137}},"27":{"start":{"line":34,"column":14},"end":{"line":67,"column":1}},"28":{"start":{"line":35,"column":14},"end":{"line":58,"column":5}},"29":{"start":{"line":36,"column":8},"end":{"line":57,"column":10}},"30":{"start":{"line":37,"column":12},"end":{"line":56,"column":19}},"31":{"start":{"line":38,"column":28},"end":{"line":38,"column":130}},"32":{"start":{"line":39,"column":16},"end":{"line":55,"column":19}},"33":{"start":{"line":40,"column":20},"end":{"line":50,"column":21}},"34":{"start":{"line":41,"column":24},"end":{"line":49,"column":27}},"35":{"start":{"line":42,"column":28},"end":{"line":48,"column":31}},"36":{"start":{"line":43,"column":32},"end":{"line":47,"column":35}},"37":{"start":{"line":44,"column":36},"end":{"line":46,"column":39}},"38":{"start":{"line":45,"column":40},"end":{"line":45,"column":105}},"39":{"start":{"line":51,"column":20},"end":{"line":53,"column":21}},"40":{"start":{"line":52,"column":24},"end":{"line":52,"column":151}},"41":{"start":{"line":54,"column":20},"end":{"line":54,"column":157}},"42":{"start":{"line":59,"column":4},"end":{"line":66,"column":7}},"43":{"start":{"line":60,"column":8},"end":{"line":65,"column":11}},"44":{"start":{"line":61,"column":23},"end":{"line":61,"column":136}},"45":{"start":{"line":62,"column":12},"end":{"line":64,"column":15}},"46":{"start":{"line":63,"column":16},"end":{"line":63,"column":82}},"47":{"start":{"line":68,"column":0},"end":{"line":71,"column":2}}},"fnMap":{"0":{"name":"(anonymous_0)","decl":{"start":{"line":22,"column":17},"end":{"line":22,"column":18}},"loc":{"start":{"line":22,"column":32},"end":{"line":33,"column":1}},"line":22},"1":{"name":"(anonymous_1)","decl":{"start":{"line":28,"column":147},"end":{"line":28,"column":148}},"loc":{"start":{"line":28,"column":159},"end":{"line":30,"column":9}},"line":28},"2":{"name":"(anonymous_2)","decl":{"start":{"line":34,"column":14},"end":{"line":34,"column":15}},"loc":{"start":{"line":34,"column":31},"end":{"line":67,"column":1}},"line":34},"3":{"name":"(anonymous_3)","decl":{"start":{"line":35,"column":14},"end":{"line":35,"column":15}},"loc":{"start":{"line":35,"column":27},"end":{"line":58,"column":5}},"line":35},"4":{"name":"(anonymous_4)","decl":{"start":{"line":36,"column":15},"end":{"line":36,"column":16}},"loc":{"start":{"line":36,"column":29},"end":{"line":57,"column":9}},"line":36},"5":{"name":"(anonymous_5)","decl":{"start":{"line":37,"column":87},"end":{"line":37,"column":88}},"loc":{"start":{"line":37,"column":99},"end":{"line":56,"column":13}},"line":37},"6":{"name":"(anonymous_6)","decl":{"start":{"line":39,"column":92},"end":{"line":39,"column":93}},"loc":{"start":{"line":39,"column":110},"end":{"line":55,"column":17}},"line":39},"7":{"name":"(anonymous_7)","decl":{"start":{"line":41,"column":223},"end":{"line":41,"column":224}},"loc":{"start":{"line":41,"column":235},"end":{"line":49,"column":25}},"line":41},"8":{"name":"(anonymous_8)","decl":{"start":{"line":42,"column":161},"end":{"line":42,"column":162}},"loc":{"start":{"line":42,"column":173},"end":{"line":48,"column":29}},"line":42},"9":{"name":"(anonymous_9)","decl":{"start":{"line":43,"column":213},"end":{"line":43,"column":214}},"loc":{"start":{"line":43,"column":225},"end":{"line":47,"column":33}},"line":43},"10":{"name":"(anonymous_10)","decl":{"start":{"line":44,"column":137},"end":{"line":44,"column":138}},"loc":{"start":{"line":44,"column":149},"end":{"line":46,"column":37}},"line":44},"11":{"name":"(anonymous_11)","decl":{"start":{"line":59,"column":80},"end":{"line":59,"column":81}},"loc":{"start":{"line":59,"column":97},"end":{"line":66,"column":5}},"line":59},"12":{"name":"(anonymous_12)","decl":{"start":{"line":60,"column":200},"end":{"line":60,"column":201}},"loc":{"start":{"line":60,"column":212},"end":{"line":65,"column":9}},"line":60},"13":{"name":"(anonymous_13)","decl":{"start":{"line":62,"column":190},"end":{"line":62,"column":191}},"loc":{"start":{"line":62,"column":202},"end":{"line":64,"column":13}},"line":62}},"branchMap":{"0":{"loc":{"start":{"line":24,"column":4},"end":{"line":26,"column":5}},"type":"if","locations":[{"start":{"line":24,"column":4},"end":{"line":26,"column":5}},{"start":{"line":24,"column":4},"end":{"line":26,"column":5}}],"line":24},"1":{"loc":{"start":{"line":27,"column":4},"end":{"line":31,"column":5}},"type":"if","locations":[{"start":{"line":27,"column":4},"end":{"line":31,"column":5}},{"start":{"line":27,"column":4},"end":{"line":31,"column":5}}],"line":27},"2":{"loc":{"start":{"line":40,"column":20},"end":{"line":50,"column":21}},"type":"if","locations":[{"start":{"line":40,"column":20},"end":{"line":50,"column":21}},{"start":{"line":40,"column":20},"end":{"line":50,"column":21}}],"line":40},"3":{"loc":{"start":{"line":51,"column":20},"end":{"line":53,"column":21}},"type":"if","locations":[{"start":{"line":51,"column":20},"end":{"line":53,"column":21}},{"start":{"line":51,"column":20},"end":{"line":53,"column":21}}],"line":51}},"s":{"0":1,"1":1,"2":1,"3":1,"4":1,"5":1,"6":1,"7":1,"8":1,"9":1,"10":1,"11":1,"12":1,"13":1,"14":1,"15":1,"16":1,"17":1,"18":1,"19":1,"20":0,"21":0,"22":0,"23":0,"24":0,"25":0,"26":0,"27":1,"28":0,"29":0,"30":0,"31":0,"32":0,"33":0,"34":0,"35":0,"36":0,"37":0,"38":0,"39":0,"40":0,"41":0,"42":0,"43":0,"44":0,"45":0,"46":0,"47":1},"f":{"0":0,"1":0,"2":0,"3":0,"4":0,"5":0,"6":0,"7":0,"8":0,"9":0,"10":0,"11":0,"12":0,"13":0},"b":{"0":[0,0],"1":[0,0],"2":[0,0],"3":[0,0]},"inputSourceMap":{"mappings":";;;AAAA;AAAA;AAAA;AAAA;AAAA;AAAA;AAAA;AAAA;AAAA;AAAA;AAAA;AAAA;AAAA;AAAA;AAAA;AAAA;AAAA;AAAA;AAoBA,iBAAA;IAAA,+BAC4B;IAC1B,IAFF;;;IAGE,IAHF;QAGO,2HACG,gBAAN;gGACe,0GAAa,kCAAkB,QALlD;;;mHAAA;;AAOA,cAAA;IAQI,UAAA;eAAA;YAAK,+BAAL,WAAuD,IAAN,kBAAjD;gBACM,wCAAiB,+DADvB;gFAAA,YAEE;oBAEG,IADE;wBACG,2HACE,+CALZ,aAKuC,MAAO,UAAxC;uJACI,UAAJ;2JACM,yCAJL,iBAID;8GACA,WALC,gBAKD;gGACI;;;;;;oBACL,IAPE;wBAOI,wDAAY,2CAVvB,aAU8C,MAAO;;kIAP9C;;;;;wEATa,QAAtB;mIACM,2DAAsB,UAA5B;YACI,6DAAa,0BAAW,+BAAO;sLACnB,QAAhB;2EACK","sources":["../../.spago/test-unit/v15.0.0/src/Test/Unit/Output/TAP.purs"],"names":[],"version":3,"file":"index.js"},"_coverageSchema":"1a1c01bbd47fc00a2c39e90264f33305004495a9","hash":"1402a7089dd95694cf020c4b99b2cdf647bfc7d8","contentHash":"4186911c96093ec1ee3582f5a06285e1f80e5aaec9eef2c6f7ad0a46ce3b039c"}}